<?xml version="1.0" encoding="UTF-8"?>
<robot generator="Robot 4.0.3 (Python 3.8.12 on darwin)" generated="20221121 23:28:31.191" rpa="false" schemaversion="2">
<suite id="s1" name="AddToCart" source="/Users/ruangguru/regisaputra/fita/fita-fluter-gallery/testCase/AddToCart.robot">
<test id="s1-t1" name="User Can Add Some Items To The Shopping Cart">
<kw name="User Has Opened Flutter Gallery Application" library="base">
<doc>Keyword for open flutter gallery application</doc>
<kw name="Open Application" library="AppiumLibrary">
<arg>${HOST}</arg>
<arg>platformName=${PLATFORM_NAME}</arg>
<arg>deviceName=${DEVICE_NAME}</arg>
<arg>appPackage=${APP_PACKAGE}</arg>
<arg>appActivity=${APP_ACTIVITY}</arg>
<arg>udid=${UDID}</arg>
<arg>app=${APP}</arg>
<doc>Opens a new application to given Appium server.
Capabilities of appium server, Android and iOS,
Please check https://github.com/appium/appium/blob/master/docs/en/writing-running-appium/server-args.md
| *Option*            | *Man.* | *Description*     |
| remote_url          | Yes    | Appium server url |
| alias               | no     | alias             |</doc>
<status status="PASS" starttime="20221121 23:28:31.280" endtime="20221121 23:28:39.133"/>
</kw>
<status status="PASS" starttime="20221121 23:28:31.280" endtime="20221121 23:28:39.133"/>
</kw>
<kw name="User Can Tap Shrine Banner And Direct To Login Page" library="HomePage">
<doc>Keyword for user can tap shrine banner and diret to login page</doc>
<kw name="Swipe Horizontal Element Until Element Is Visible" library="base">
<arg>${banner_slider}</arg>
<arg>${banner_shrine}</arg>
<arg>LEFT</arg>
<doc>Keyword for swipe horizontal until element is visible</doc>
<kw name="Wait Until Element Is Visible" library="AppiumLibrary">
<arg>${element1}</arg>
<doc>Waits until element specified with `locator` is visible.</doc>
<status status="PASS" starttime="20221121 23:28:39.134" endtime="20221121 23:28:39.923"/>
</kw>
<for flavor="IN">
<var>${robot}</var>
<value>10</value>
<iter>
<var name="${robot}">10</var>
<kw name="Run Keyword And Return Status" library="BuiltIn">
<var>${is_visible}</var>
<arg>Wait Until Element Is Visible</arg>
<arg>${element2}</arg>
<arg>1</arg>
<doc>Runs the given keyword with given arguments and returns the status as a Boolean value.</doc>
<kw name="Wait Until Element Is Visible" library="AppiumLibrary">
<arg>${element2}</arg>
<arg>1</arg>
<doc>Waits until element specified with `locator` is visible.</doc>
<status status="PASS" starttime="20221121 23:28:39.925" endtime="20221121 23:28:39.976"/>
</kw>
<msg timestamp="20221121 23:28:39.976" level="INFO">${is_visible} = True</msg>
<status status="PASS" starttime="20221121 23:28:39.924" endtime="20221121 23:28:39.976"/>
</kw>
<if>
<branch type="IF" condition="&quot;${is_visible}&quot; == &quot;False&quot;">
<kw name="Swipe Horizontal From Element" library="base">
<arg>${element1}</arg>
<arg>${direction}</arg>
<status status="NOT RUN" starttime="20221121 23:28:39.977" endtime="20221121 23:28:39.977"/>
</kw>
<status status="NOT RUN" starttime="20221121 23:28:39.977" endtime="20221121 23:28:39.977"/>
</branch>
<branch type="ELSE">
<kw name="Exit For Loop" library="BuiltIn">
<doc>Stops executing the enclosing for loop.</doc>
<msg timestamp="20221121 23:28:39.978" level="INFO">Exiting for loop altogether.</msg>
<status status="PASS" starttime="20221121 23:28:39.977" endtime="20221121 23:28:39.978"/>
</kw>
<status status="PASS" starttime="20221121 23:28:39.977" endtime="20221121 23:28:39.978"/>
</branch>
<status status="PASS" starttime="20221121 23:28:39.976" endtime="20221121 23:28:39.978"/>
</if>
<status status="PASS" starttime="20221121 23:28:39.924" endtime="20221121 23:28:39.978"/>
</iter>
<status status="PASS" starttime="20221121 23:28:39.923" endtime="20221121 23:28:39.978"/>
</for>
<status status="PASS" starttime="20221121 23:28:39.134" endtime="20221121 23:28:39.978"/>
</kw>
<kw name="Click Element" library="AppiumLibrary">
<arg>${banner_shrine}</arg>
<doc>Click element identified by `locator`.</doc>
<msg timestamp="20221121 23:28:39.982" level="INFO">Clicking element 'xpath=//android.view.View[contains(@content-desc, 'Shrine')]'.</msg>
<status status="PASS" starttime="20221121 23:28:39.978" endtime="20221121 23:28:40.870"/>
</kw>
<status status="PASS" starttime="20221121 23:28:39.133" endtime="20221121 23:28:40.870"/>
</kw>
<kw name="User Logged In From Login Page" library="LoginPage">
<arg>${username}</arg>
<arg>${password}</arg>
<kw name="Wait Until Element Is Visible" library="AppiumLibrary">
<arg>${field_username}</arg>
<doc>Waits until element specified with `locator` is visible.</doc>
<status status="PASS" starttime="20221121 23:28:40.871" endtime="20221121 23:28:40.933"/>
</kw>
<kw name="Input Text" library="AppiumLibrary">
<arg>${field_username}</arg>
<arg>${username}</arg>
<doc>Types the given `text` into text field identified by `locator`.</doc>
<msg timestamp="20221121 23:28:40.937" level="INFO">Typing text 'user' into text field 'xpath=//android.widget.EditText[@text='Username']'</msg>
<status status="PASS" starttime="20221121 23:28:40.934" endtime="20221121 23:28:40.992"/>
</kw>
<kw name="Input Text" library="AppiumLibrary">
<arg>${field_password}</arg>
<arg>${password}</arg>
<doc>Types the given `text` into text field identified by `locator`.</doc>
<msg timestamp="20221121 23:28:40.996" level="INFO">Typing text 'user' into text field 'xpath=//android.widget.EditText[@text='Password']'</msg>
<status status="PASS" starttime="20221121 23:28:40.992" endtime="20221121 23:28:41.041"/>
</kw>
<kw name="Click Element" library="AppiumLibrary">
<arg>${button_next}</arg>
<doc>Click element identified by `locator`.</doc>
<msg timestamp="20221121 23:28:41.046" level="INFO">Clicking element 'accessibility_id=NEXT'.</msg>
<status status="PASS" starttime="20221121 23:28:41.041" endtime="20221121 23:28:42.157"/>
</kw>
<status status="PASS" starttime="20221121 23:28:40.870" endtime="20221121 23:28:42.157"/>
</kw>
<kw name="Add Product Item In Shopping Cart" library="ProductPage">
<arg>item_name=Walter henley (white)</arg>
<kw name="Swipe Horizontal Until Element Is Visible" library="base">
<arg>${button_product_item.format('${item_name}')}</arg>
<arg>${swipe_direction}</arg>
<for flavor="IN RANGE">
<var>${i}</var>
<value>30</value>
<iter>
<var name="${i}">0</var>
<kw name="Run Keyword And Return Status" library="BuiltIn">
<var>${is_visible}</var>
<arg>Wait Until Element Is Visible</arg>
<arg>${element}</arg>
<arg>1</arg>
<doc>Runs the given keyword with given arguments and returns the status as a Boolean value.</doc>
<kw name="Wait Until Element Is Visible" library="AppiumLibrary">
<arg>${element}</arg>
<arg>1</arg>
<doc>Waits until element specified with `locator` is visible.</doc>
<kw name="Capture Page Screenshot" library="AppiumLibrary">
<doc>Takes a screenshot of the current page and embeds it into the log.</doc>
<msg timestamp="20221121 23:28:43.662" level="INFO" html="true">&lt;/td&gt;&lt;/tr&gt;&lt;tr&gt;&lt;td colspan="3"&gt;&lt;a href="appium-screenshot-1.png"&gt;&lt;img src="appium-screenshot-1.png" width="800px"&gt;&lt;/a&gt;</msg>
<status status="PASS" starttime="20221121 23:28:43.426" endtime="20221121 23:28:43.662"/>
</kw>
<msg timestamp="20221121 23:28:43.663" level="FAIL">Element locator 'xpath=//android.widget.Button[contains(@content-desc, "Walter henley (white)")]' did not match any elements after 1 second</msg>
<status status="FAIL" starttime="20221121 23:28:42.164" endtime="20221121 23:28:43.663"/>
</kw>
<msg timestamp="20221121 23:28:43.663" level="INFO">${is_visible} = False</msg>
<status status="PASS" starttime="20221121 23:28:42.163" endtime="20221121 23:28:43.663"/>
</kw>
<if>
<branch type="IF" condition="&quot;${is_visible}&quot; == &quot;False&quot;">
<kw name="Swipe Horizontal" library="base">
<arg>${direction}</arg>
<kw name="Get Window Width" library="AppiumLibrary">
<var>${width}</var>
<doc>Get current device width.</doc>
<msg timestamp="20221121 23:28:43.676" level="INFO">${width} = 720</msg>
<status status="PASS" starttime="20221121 23:28:43.663" endtime="20221121 23:28:43.677"/>
</kw>
<kw name="Get Window Height" library="AppiumLibrary">
<var>${height}</var>
<doc>Get current device height.</doc>
<msg timestamp="20221121 23:28:43.683" level="INFO">${height} = 1184</msg>
<status status="PASS" starttime="20221121 23:28:43.677" endtime="20221121 23:28:43.683"/>
</kw>
<if>
<branch type="IF" condition="&quot;${direction}&quot; == &quot;RIGHT&quot;">
<kw name="Evaluate" library="BuiltIn">
<var>${START_X}</var>
<arg>(${width} * 0.1)</arg>
<doc>Evaluates the given expression in Python and returns the result.</doc>
<status status="NOT RUN" starttime="20221121 23:28:43.683" endtime="20221121 23:28:43.683"/>
</kw>
<kw name="Evaluate" library="BuiltIn">
<var>${START_Y}</var>
<arg>(${height} * 0.5)</arg>
<doc>Evaluates the given expression in Python and returns the result.</doc>
<status status="NOT RUN" starttime="20221121 23:28:43.683" endtime="20221121 23:28:43.683"/>
</kw>
<kw name="Evaluate" library="BuiltIn">
<var>${END_X}</var>
<arg>(${width} * 0.9)</arg>
<doc>Evaluates the given expression in Python and returns the result.</doc>
<status status="NOT RUN" starttime="20221121 23:28:43.683" endtime="20221121 23:28:43.683"/>
</kw>
<kw name="Evaluate" library="BuiltIn">
<var>${END_Y}</var>
<arg>(${height} * 0.5)</arg>
<doc>Evaluates the given expression in Python and returns the result.</doc>
<status status="NOT RUN" starttime="20221121 23:28:43.683" endtime="20221121 23:28:43.683"/>
</kw>
<status status="NOT RUN" starttime="20221121 23:28:43.683" endtime="20221121 23:28:43.683"/>
</branch>
<branch type="ELSE IF" condition="&quot;${direction}&quot; == &quot;LEFT&quot;">
<kw name="Evaluate" library="BuiltIn">
<var>${START_X}</var>
<arg>(${width} * 0.9)</arg>
<doc>Evaluates the given expression in Python and returns the result.</doc>
<msg timestamp="20221121 23:28:43.684" level="INFO">${START_X} = 648.0</msg>
<status status="PASS" starttime="20221121 23:28:43.684" endtime="20221121 23:28:43.684"/>
</kw>
<kw name="Evaluate" library="BuiltIn">
<var>${START_Y}</var>
<arg>(${height} * 0.5)</arg>
<doc>Evaluates the given expression in Python and returns the result.</doc>
<msg timestamp="20221121 23:28:43.684" level="INFO">${START_Y} = 592.0</msg>
<status status="PASS" starttime="20221121 23:28:43.684" endtime="20221121 23:28:43.684"/>
</kw>
<kw name="Evaluate" library="BuiltIn">
<var>${END_X}</var>
<arg>(${width} * 0.1)</arg>
<doc>Evaluates the given expression in Python and returns the result.</doc>
<msg timestamp="20221121 23:28:43.684" level="INFO">${END_X} = 72.0</msg>
<status status="PASS" starttime="20221121 23:28:43.684" endtime="20221121 23:28:43.684"/>
</kw>
<kw name="Evaluate" library="BuiltIn">
<var>${END_Y}</var>
<arg>(${height} * 0.5)</arg>
<doc>Evaluates the given expression in Python and returns the result.</doc>
<msg timestamp="20221121 23:28:43.684" level="INFO">${END_Y} = 592.0</msg>
<status status="PASS" starttime="20221121 23:28:43.684" endtime="20221121 23:28:43.684"/>
</kw>
<status status="PASS" starttime="20221121 23:28:43.684" endtime="20221121 23:28:43.684"/>
</branch>
<status status="PASS" starttime="20221121 23:28:43.683" endtime="20221121 23:28:43.684"/>
</if>
<kw name="Swipe" library="AppiumLibrary">
<arg>${START_X}</arg>
<arg>${START_Y}</arg>
<arg>${END_X}</arg>
<arg>${END_Y}</arg>
<arg>1500</arg>
<doc>Swipe from one point to another point, for an optional duration.</doc>
<status status="PASS" starttime="20221121 23:28:43.684" endtime="20221121 23:28:44.784"/>
</kw>
<status status="PASS" starttime="20221121 23:28:43.663" endtime="20221121 23:28:44.785"/>
</kw>
<status status="PASS" starttime="20221121 23:28:43.663" endtime="20221121 23:28:44.785"/>
</branch>
<branch type="ELSE">
<kw name="Exit For Loop" library="BuiltIn">
<doc>Stops executing the enclosing for loop.</doc>
<status status="NOT RUN" starttime="20221121 23:28:44.785" endtime="20221121 23:28:44.785"/>
</kw>
<status status="NOT RUN" starttime="20221121 23:28:44.785" endtime="20221121 23:28:44.785"/>
</branch>
<status status="PASS" starttime="20221121 23:28:43.663" endtime="20221121 23:28:44.785"/>
</if>
<status status="PASS" starttime="20221121 23:28:42.163" endtime="20221121 23:28:44.786"/>
</iter>
<iter>
<var name="${i}">1</var>
<kw name="Run Keyword And Return Status" library="BuiltIn">
<var>${is_visible}</var>
<arg>Wait Until Element Is Visible</arg>
<arg>${element}</arg>
<arg>1</arg>
<doc>Runs the given keyword with given arguments and returns the status as a Boolean value.</doc>
<kw name="Wait Until Element Is Visible" library="AppiumLibrary">
<arg>${element}</arg>
<arg>1</arg>
<doc>Waits until element specified with `locator` is visible.</doc>
<kw name="Capture Page Screenshot" library="AppiumLibrary">
<doc>Takes a screenshot of the current page and embeds it into the log.</doc>
<msg timestamp="20221121 23:28:45.974" level="INFO" html="true">&lt;/td&gt;&lt;/tr&gt;&lt;tr&gt;&lt;td colspan="3"&gt;&lt;a href="appium-screenshot-2.png"&gt;&lt;img src="appium-screenshot-2.png" width="800px"&gt;&lt;/a&gt;</msg>
<status status="PASS" starttime="20221121 23:28:45.805" endtime="20221121 23:28:45.974"/>
</kw>
<msg timestamp="20221121 23:28:45.975" level="FAIL">Element locator 'xpath=//android.widget.Button[contains(@content-desc, "Walter henley (white)")]' did not match any elements after 1 second</msg>
<status status="FAIL" starttime="20221121 23:28:44.787" endtime="20221121 23:28:45.975"/>
</kw>
<msg timestamp="20221121 23:28:45.975" level="INFO">${is_visible} = False</msg>
<status status="PASS" starttime="20221121 23:28:44.786" endtime="20221121 23:28:45.975"/>
</kw>
<if>
<branch type="IF" condition="&quot;${is_visible}&quot; == &quot;False&quot;">
<kw name="Swipe Horizontal" library="base">
<arg>${direction}</arg>
<kw name="Get Window Width" library="AppiumLibrary">
<var>${width}</var>
<doc>Get current device width.</doc>
<msg timestamp="20221121 23:28:45.982" level="INFO">${width} = 720</msg>
<status status="PASS" starttime="20221121 23:28:45.977" endtime="20221121 23:28:45.983"/>
</kw>
<kw name="Get Window Height" library="AppiumLibrary">
<var>${height}</var>
<doc>Get current device height.</doc>
<msg timestamp="20221121 23:28:45.987" level="INFO">${height} = 1184</msg>
<status status="PASS" starttime="20221121 23:28:45.983" endtime="20221121 23:28:45.987"/>
</kw>
<if>
<branch type="IF" condition="&quot;${direction}&quot; == &quot;RIGHT&quot;">
<kw name="Evaluate" library="BuiltIn">
<var>${START_X}</var>
<arg>(${width} * 0.1)</arg>
<doc>Evaluates the given expression in Python and returns the result.</doc>
<status status="NOT RUN" starttime="20221121 23:28:45.988" endtime="20221121 23:28:45.988"/>
</kw>
<kw name="Evaluate" library="BuiltIn">
<var>${START_Y}</var>
<arg>(${height} * 0.5)</arg>
<doc>Evaluates the given expression in Python and returns the result.</doc>
<status status="NOT RUN" starttime="20221121 23:28:45.988" endtime="20221121 23:28:45.988"/>
</kw>
<kw name="Evaluate" library="BuiltIn">
<var>${END_X}</var>
<arg>(${width} * 0.9)</arg>
<doc>Evaluates the given expression in Python and returns the result.</doc>
<status status="NOT RUN" starttime="20221121 23:28:45.988" endtime="20221121 23:28:45.988"/>
</kw>
<kw name="Evaluate" library="BuiltIn">
<var>${END_Y}</var>
<arg>(${height} * 0.5)</arg>
<doc>Evaluates the given expression in Python and returns the result.</doc>
<status status="NOT RUN" starttime="20221121 23:28:45.989" endtime="20221121 23:28:45.989"/>
</kw>
<status status="NOT RUN" starttime="20221121 23:28:45.988" endtime="20221121 23:28:45.989"/>
</branch>
<branch type="ELSE IF" condition="&quot;${direction}&quot; == &quot;LEFT&quot;">
<kw name="Evaluate" library="BuiltIn">
<var>${START_X}</var>
<arg>(${width} * 0.9)</arg>
<doc>Evaluates the given expression in Python and returns the result.</doc>
<msg timestamp="20221121 23:28:45.991" level="INFO">${START_X} = 648.0</msg>
<status status="PASS" starttime="20221121 23:28:45.989" endtime="20221121 23:28:45.991"/>
</kw>
<kw name="Evaluate" library="BuiltIn">
<var>${START_Y}</var>
<arg>(${height} * 0.5)</arg>
<doc>Evaluates the given expression in Python and returns the result.</doc>
<msg timestamp="20221121 23:28:45.991" level="INFO">${START_Y} = 592.0</msg>
<status status="PASS" starttime="20221121 23:28:45.991" endtime="20221121 23:28:45.991"/>
</kw>
<kw name="Evaluate" library="BuiltIn">
<var>${END_X}</var>
<arg>(${width} * 0.1)</arg>
<doc>Evaluates the given expression in Python and returns the result.</doc>
<msg timestamp="20221121 23:28:45.992" level="INFO">${END_X} = 72.0</msg>
<status status="PASS" starttime="20221121 23:28:45.992" endtime="20221121 23:28:45.992"/>
</kw>
<kw name="Evaluate" library="BuiltIn">
<var>${END_Y}</var>
<arg>(${height} * 0.5)</arg>
<doc>Evaluates the given expression in Python and returns the result.</doc>
<msg timestamp="20221121 23:28:45.993" level="INFO">${END_Y} = 592.0</msg>
<status status="PASS" starttime="20221121 23:28:45.993" endtime="20221121 23:28:45.993"/>
</kw>
<status status="PASS" starttime="20221121 23:28:45.989" endtime="20221121 23:28:45.993"/>
</branch>
<status status="PASS" starttime="20221121 23:28:45.988" endtime="20221121 23:28:45.993"/>
</if>
<kw name="Swipe" library="AppiumLibrary">
<arg>${START_X}</arg>
<arg>${START_Y}</arg>
<arg>${END_X}</arg>
<arg>${END_Y}</arg>
<arg>1500</arg>
<doc>Swipe from one point to another point, for an optional duration.</doc>
<status status="PASS" starttime="20221121 23:28:45.994" endtime="20221121 23:28:47.055"/>
</kw>
<status status="PASS" starttime="20221121 23:28:45.976" endtime="20221121 23:28:47.055"/>
</kw>
<status status="PASS" starttime="20221121 23:28:45.976" endtime="20221121 23:28:47.055"/>
</branch>
<branch type="ELSE">
<kw name="Exit For Loop" library="BuiltIn">
<doc>Stops executing the enclosing for loop.</doc>
<status status="NOT RUN" starttime="20221121 23:28:47.056" endtime="20221121 23:28:47.056"/>
</kw>
<status status="NOT RUN" starttime="20221121 23:28:47.056" endtime="20221121 23:28:47.056"/>
</branch>
<status status="PASS" starttime="20221121 23:28:45.975" endtime="20221121 23:28:47.056"/>
</if>
<status status="PASS" starttime="20221121 23:28:44.786" endtime="20221121 23:28:47.056"/>
</iter>
<iter>
<var name="${i}">2</var>
<kw name="Run Keyword And Return Status" library="BuiltIn">
<var>${is_visible}</var>
<arg>Wait Until Element Is Visible</arg>
<arg>${element}</arg>
<arg>1</arg>
<doc>Runs the given keyword with given arguments and returns the status as a Boolean value.</doc>
<kw name="Wait Until Element Is Visible" library="AppiumLibrary">
<arg>${element}</arg>
<arg>1</arg>
<doc>Waits until element specified with `locator` is visible.</doc>
<kw name="Capture Page Screenshot" library="AppiumLibrary">
<doc>Takes a screenshot of the current page and embeds it into the log.</doc>
<msg timestamp="20221121 23:28:48.377" level="INFO" html="true">&lt;/td&gt;&lt;/tr&gt;&lt;tr&gt;&lt;td colspan="3"&gt;&lt;a href="appium-screenshot-3.png"&gt;&lt;img src="appium-screenshot-3.png" width="800px"&gt;&lt;/a&gt;</msg>
<status status="PASS" starttime="20221121 23:28:48.217" endtime="20221121 23:28:48.378"/>
</kw>
<msg timestamp="20221121 23:28:48.378" level="FAIL">Element locator 'xpath=//android.widget.Button[contains(@content-desc, "Walter henley (white)")]' did not match any elements after 1 second</msg>
<status status="FAIL" starttime="20221121 23:28:47.057" endtime="20221121 23:28:48.379"/>
</kw>
<msg timestamp="20221121 23:28:48.379" level="INFO">${is_visible} = False</msg>
<status status="PASS" starttime="20221121 23:28:47.057" endtime="20221121 23:28:48.379"/>
</kw>
<if>
<branch type="IF" condition="&quot;${is_visible}&quot; == &quot;False&quot;">
<kw name="Swipe Horizontal" library="base">
<arg>${direction}</arg>
<kw name="Get Window Width" library="AppiumLibrary">
<var>${width}</var>
<doc>Get current device width.</doc>
<msg timestamp="20221121 23:28:48.386" level="INFO">${width} = 720</msg>
<status status="PASS" starttime="20221121 23:28:48.380" endtime="20221121 23:28:48.387"/>
</kw>
<kw name="Get Window Height" library="AppiumLibrary">
<var>${height}</var>
<doc>Get current device height.</doc>
<msg timestamp="20221121 23:28:48.392" level="INFO">${height} = 1184</msg>
<status status="PASS" starttime="20221121 23:28:48.387" endtime="20221121 23:28:48.392"/>
</kw>
<if>
<branch type="IF" condition="&quot;${direction}&quot; == &quot;RIGHT&quot;">
<kw name="Evaluate" library="BuiltIn">
<var>${START_X}</var>
<arg>(${width} * 0.1)</arg>
<doc>Evaluates the given expression in Python and returns the result.</doc>
<status status="NOT RUN" starttime="20221121 23:28:48.393" endtime="20221121 23:28:48.393"/>
</kw>
<kw name="Evaluate" library="BuiltIn">
<var>${START_Y}</var>
<arg>(${height} * 0.5)</arg>
<doc>Evaluates the given expression in Python and returns the result.</doc>
<status status="NOT RUN" starttime="20221121 23:28:48.393" endtime="20221121 23:28:48.393"/>
</kw>
<kw name="Evaluate" library="BuiltIn">
<var>${END_X}</var>
<arg>(${width} * 0.9)</arg>
<doc>Evaluates the given expression in Python and returns the result.</doc>
<status status="NOT RUN" starttime="20221121 23:28:48.393" endtime="20221121 23:28:48.393"/>
</kw>
<kw name="Evaluate" library="BuiltIn">
<var>${END_Y}</var>
<arg>(${height} * 0.5)</arg>
<doc>Evaluates the given expression in Python and returns the result.</doc>
<status status="NOT RUN" starttime="20221121 23:28:48.393" endtime="20221121 23:28:48.393"/>
</kw>
<status status="NOT RUN" starttime="20221121 23:28:48.393" endtime="20221121 23:28:48.393"/>
</branch>
<branch type="ELSE IF" condition="&quot;${direction}&quot; == &quot;LEFT&quot;">
<kw name="Evaluate" library="BuiltIn">
<var>${START_X}</var>
<arg>(${width} * 0.9)</arg>
<doc>Evaluates the given expression in Python and returns the result.</doc>
<msg timestamp="20221121 23:28:48.394" level="INFO">${START_X} = 648.0</msg>
<status status="PASS" starttime="20221121 23:28:48.394" endtime="20221121 23:28:48.394"/>
</kw>
<kw name="Evaluate" library="BuiltIn">
<var>${START_Y}</var>
<arg>(${height} * 0.5)</arg>
<doc>Evaluates the given expression in Python and returns the result.</doc>
<msg timestamp="20221121 23:28:48.395" level="INFO">${START_Y} = 592.0</msg>
<status status="PASS" starttime="20221121 23:28:48.394" endtime="20221121 23:28:48.395"/>
</kw>
<kw name="Evaluate" library="BuiltIn">
<var>${END_X}</var>
<arg>(${width} * 0.1)</arg>
<doc>Evaluates the given expression in Python and returns the result.</doc>
<msg timestamp="20221121 23:28:48.395" level="INFO">${END_X} = 72.0</msg>
<status status="PASS" starttime="20221121 23:28:48.395" endtime="20221121 23:28:48.395"/>
</kw>
<kw name="Evaluate" library="BuiltIn">
<var>${END_Y}</var>
<arg>(${height} * 0.5)</arg>
<doc>Evaluates the given expression in Python and returns the result.</doc>
<msg timestamp="20221121 23:28:48.396" level="INFO">${END_Y} = 592.0</msg>
<status status="PASS" starttime="20221121 23:28:48.395" endtime="20221121 23:28:48.396"/>
</kw>
<status status="PASS" starttime="20221121 23:28:48.394" endtime="20221121 23:28:48.396"/>
</branch>
<status status="PASS" starttime="20221121 23:28:48.392" endtime="20221121 23:28:48.396"/>
</if>
<kw name="Swipe" library="AppiumLibrary">
<arg>${START_X}</arg>
<arg>${START_Y}</arg>
<arg>${END_X}</arg>
<arg>${END_Y}</arg>
<arg>1500</arg>
<doc>Swipe from one point to another point, for an optional duration.</doc>
<status status="PASS" starttime="20221121 23:28:48.396" endtime="20221121 23:28:49.473"/>
</kw>
<status status="PASS" starttime="20221121 23:28:48.380" endtime="20221121 23:28:49.474"/>
</kw>
<status status="PASS" starttime="20221121 23:28:48.379" endtime="20221121 23:28:49.474"/>
</branch>
<branch type="ELSE">
<kw name="Exit For Loop" library="BuiltIn">
<doc>Stops executing the enclosing for loop.</doc>
<status status="NOT RUN" starttime="20221121 23:28:49.475" endtime="20221121 23:28:49.475"/>
</kw>
<status status="NOT RUN" starttime="20221121 23:28:49.474" endtime="20221121 23:28:49.475"/>
</branch>
<status status="PASS" starttime="20221121 23:28:48.379" endtime="20221121 23:28:49.475"/>
</if>
<status status="PASS" starttime="20221121 23:28:47.056" endtime="20221121 23:28:49.475"/>
</iter>
<iter>
<var name="${i}">3</var>
<kw name="Run Keyword And Return Status" library="BuiltIn">
<var>${is_visible}</var>
<arg>Wait Until Element Is Visible</arg>
<arg>${element}</arg>
<arg>1</arg>
<doc>Runs the given keyword with given arguments and returns the status as a Boolean value.</doc>
<kw name="Wait Until Element Is Visible" library="AppiumLibrary">
<arg>${element}</arg>
<arg>1</arg>
<doc>Waits until element specified with `locator` is visible.</doc>
<kw name="Capture Page Screenshot" library="AppiumLibrary">
<doc>Takes a screenshot of the current page and embeds it into the log.</doc>
<msg timestamp="20221121 23:28:50.698" level="INFO" html="true">&lt;/td&gt;&lt;/tr&gt;&lt;tr&gt;&lt;td colspan="3"&gt;&lt;a href="appium-screenshot-4.png"&gt;&lt;img src="appium-screenshot-4.png" width="800px"&gt;&lt;/a&gt;</msg>
<status status="PASS" starttime="20221121 23:28:50.550" endtime="20221121 23:28:50.698"/>
</kw>
<msg timestamp="20221121 23:28:50.698" level="FAIL">Element locator 'xpath=//android.widget.Button[contains(@content-desc, "Walter henley (white)")]' did not match any elements after 1 second</msg>
<status status="FAIL" starttime="20221121 23:28:49.477" endtime="20221121 23:28:50.699"/>
</kw>
<msg timestamp="20221121 23:28:50.699" level="INFO">${is_visible} = False</msg>
<status status="PASS" starttime="20221121 23:28:49.476" endtime="20221121 23:28:50.699"/>
</kw>
<if>
<branch type="IF" condition="&quot;${is_visible}&quot; == &quot;False&quot;">
<kw name="Swipe Horizontal" library="base">
<arg>${direction}</arg>
<kw name="Get Window Width" library="AppiumLibrary">
<var>${width}</var>
<doc>Get current device width.</doc>
<msg timestamp="20221121 23:28:50.707" level="INFO">${width} = 720</msg>
<status status="PASS" starttime="20221121 23:28:50.700" endtime="20221121 23:28:50.707"/>
</kw>
<kw name="Get Window Height" library="AppiumLibrary">
<var>${height}</var>
<doc>Get current device height.</doc>
<msg timestamp="20221121 23:28:50.712" level="INFO">${height} = 1184</msg>
<status status="PASS" starttime="20221121 23:28:50.707" endtime="20221121 23:28:50.712"/>
</kw>
<if>
<branch type="IF" condition="&quot;${direction}&quot; == &quot;RIGHT&quot;">
<kw name="Evaluate" library="BuiltIn">
<var>${START_X}</var>
<arg>(${width} * 0.1)</arg>
<doc>Evaluates the given expression in Python and returns the result.</doc>
<status status="NOT RUN" starttime="20221121 23:28:50.712" endtime="20221121 23:28:50.713"/>
</kw>
<kw name="Evaluate" library="BuiltIn">
<var>${START_Y}</var>
<arg>(${height} * 0.5)</arg>
<doc>Evaluates the given expression in Python and returns the result.</doc>
<status status="NOT RUN" starttime="20221121 23:28:50.713" endtime="20221121 23:28:50.713"/>
</kw>
<kw name="Evaluate" library="BuiltIn">
<var>${END_X}</var>
<arg>(${width} * 0.9)</arg>
<doc>Evaluates the given expression in Python and returns the result.</doc>
<status status="NOT RUN" starttime="20221121 23:28:50.713" endtime="20221121 23:28:50.713"/>
</kw>
<kw name="Evaluate" library="BuiltIn">
<var>${END_Y}</var>
<arg>(${height} * 0.5)</arg>
<doc>Evaluates the given expression in Python and returns the result.</doc>
<status status="NOT RUN" starttime="20221121 23:28:50.713" endtime="20221121 23:28:50.713"/>
</kw>
<status status="NOT RUN" starttime="20221121 23:28:50.712" endtime="20221121 23:28:50.713"/>
</branch>
<branch type="ELSE IF" condition="&quot;${direction}&quot; == &quot;LEFT&quot;">
<kw name="Evaluate" library="BuiltIn">
<var>${START_X}</var>
<arg>(${width} * 0.9)</arg>
<doc>Evaluates the given expression in Python and returns the result.</doc>
<msg timestamp="20221121 23:28:50.714" level="INFO">${START_X} = 648.0</msg>
<status status="PASS" starttime="20221121 23:28:50.713" endtime="20221121 23:28:50.714"/>
</kw>
<kw name="Evaluate" library="BuiltIn">
<var>${START_Y}</var>
<arg>(${height} * 0.5)</arg>
<doc>Evaluates the given expression in Python and returns the result.</doc>
<msg timestamp="20221121 23:28:50.714" level="INFO">${START_Y} = 592.0</msg>
<status status="PASS" starttime="20221121 23:28:50.714" endtime="20221121 23:28:50.714"/>
</kw>
<kw name="Evaluate" library="BuiltIn">
<var>${END_X}</var>
<arg>(${width} * 0.1)</arg>
<doc>Evaluates the given expression in Python and returns the result.</doc>
<msg timestamp="20221121 23:28:50.715" level="INFO">${END_X} = 72.0</msg>
<status status="PASS" starttime="20221121 23:28:50.715" endtime="20221121 23:28:50.715"/>
</kw>
<kw name="Evaluate" library="BuiltIn">
<var>${END_Y}</var>
<arg>(${height} * 0.5)</arg>
<doc>Evaluates the given expression in Python and returns the result.</doc>
<msg timestamp="20221121 23:28:50.716" level="INFO">${END_Y} = 592.0</msg>
<status status="PASS" starttime="20221121 23:28:50.715" endtime="20221121 23:28:50.716"/>
</kw>
<status status="PASS" starttime="20221121 23:28:50.713" endtime="20221121 23:28:50.716"/>
</branch>
<status status="PASS" starttime="20221121 23:28:50.712" endtime="20221121 23:28:50.716"/>
</if>
<kw name="Swipe" library="AppiumLibrary">
<arg>${START_X}</arg>
<arg>${START_Y}</arg>
<arg>${END_X}</arg>
<arg>${END_Y}</arg>
<arg>1500</arg>
<doc>Swipe from one point to another point, for an optional duration.</doc>
<status status="PASS" starttime="20221121 23:28:50.716" endtime="20221121 23:28:51.810"/>
</kw>
<status status="PASS" starttime="20221121 23:28:50.699" endtime="20221121 23:28:51.810"/>
</kw>
<status status="PASS" starttime="20221121 23:28:50.699" endtime="20221121 23:28:51.810"/>
</branch>
<branch type="ELSE">
<kw name="Exit For Loop" library="BuiltIn">
<doc>Stops executing the enclosing for loop.</doc>
<status status="NOT RUN" starttime="20221121 23:28:51.810" endtime="20221121 23:28:51.810"/>
</kw>
<status status="NOT RUN" starttime="20221121 23:28:51.810" endtime="20221121 23:28:51.810"/>
</branch>
<status status="PASS" starttime="20221121 23:28:50.699" endtime="20221121 23:28:51.810"/>
</if>
<status status="PASS" starttime="20221121 23:28:49.475" endtime="20221121 23:28:51.810"/>
</iter>
<iter>
<var name="${i}">4</var>
<kw name="Run Keyword And Return Status" library="BuiltIn">
<var>${is_visible}</var>
<arg>Wait Until Element Is Visible</arg>
<arg>${element}</arg>
<arg>1</arg>
<doc>Runs the given keyword with given arguments and returns the status as a Boolean value.</doc>
<kw name="Wait Until Element Is Visible" library="AppiumLibrary">
<arg>${element}</arg>
<arg>1</arg>
<doc>Waits until element specified with `locator` is visible.</doc>
<kw name="Capture Page Screenshot" library="AppiumLibrary">
<doc>Takes a screenshot of the current page and embeds it into the log.</doc>
<msg timestamp="20221121 23:28:53.074" level="INFO" html="true">&lt;/td&gt;&lt;/tr&gt;&lt;tr&gt;&lt;td colspan="3"&gt;&lt;a href="appium-screenshot-5.png"&gt;&lt;img src="appium-screenshot-5.png" width="800px"&gt;&lt;/a&gt;</msg>
<status status="PASS" starttime="20221121 23:28:52.907" endtime="20221121 23:28:53.074"/>
</kw>
<msg timestamp="20221121 23:28:53.074" level="FAIL">Element locator 'xpath=//android.widget.Button[contains(@content-desc, "Walter henley (white)")]' did not match any elements after 1 second</msg>
<status status="FAIL" starttime="20221121 23:28:51.811" endtime="20221121 23:28:53.074"/>
</kw>
<msg timestamp="20221121 23:28:53.074" level="INFO">${is_visible} = False</msg>
<status status="PASS" starttime="20221121 23:28:51.811" endtime="20221121 23:28:53.075"/>
</kw>
<if>
<branch type="IF" condition="&quot;${is_visible}&quot; == &quot;False&quot;">
<kw name="Swipe Horizontal" library="base">
<arg>${direction}</arg>
<kw name="Get Window Width" library="AppiumLibrary">
<var>${width}</var>
<doc>Get current device width.</doc>
<msg timestamp="20221121 23:28:53.093" level="INFO">${width} = 720</msg>
<status status="PASS" starttime="20221121 23:28:53.075" endtime="20221121 23:28:53.093"/>
</kw>
<kw name="Get Window Height" library="AppiumLibrary">
<var>${height}</var>
<doc>Get current device height.</doc>
<msg timestamp="20221121 23:28:53.099" level="INFO">${height} = 1184</msg>
<status status="PASS" starttime="20221121 23:28:53.093" endtime="20221121 23:28:53.099"/>
</kw>
<if>
<branch type="IF" condition="&quot;${direction}&quot; == &quot;RIGHT&quot;">
<kw name="Evaluate" library="BuiltIn">
<var>${START_X}</var>
<arg>(${width} * 0.1)</arg>
<doc>Evaluates the given expression in Python and returns the result.</doc>
<status status="NOT RUN" starttime="20221121 23:28:53.100" endtime="20221121 23:28:53.100"/>
</kw>
<kw name="Evaluate" library="BuiltIn">
<var>${START_Y}</var>
<arg>(${height} * 0.5)</arg>
<doc>Evaluates the given expression in Python and returns the result.</doc>
<status status="NOT RUN" starttime="20221121 23:28:53.100" endtime="20221121 23:28:53.101"/>
</kw>
<kw name="Evaluate" library="BuiltIn">
<var>${END_X}</var>
<arg>(${width} * 0.9)</arg>
<doc>Evaluates the given expression in Python and returns the result.</doc>
<status status="NOT RUN" starttime="20221121 23:28:53.101" endtime="20221121 23:28:53.101"/>
</kw>
<kw name="Evaluate" library="BuiltIn">
<var>${END_Y}</var>
<arg>(${height} * 0.5)</arg>
<doc>Evaluates the given expression in Python and returns the result.</doc>
<status status="NOT RUN" starttime="20221121 23:28:53.101" endtime="20221121 23:28:53.101"/>
</kw>
<status status="NOT RUN" starttime="20221121 23:28:53.100" endtime="20221121 23:28:53.101"/>
</branch>
<branch type="ELSE IF" condition="&quot;${direction}&quot; == &quot;LEFT&quot;">
<kw name="Evaluate" library="BuiltIn">
<var>${START_X}</var>
<arg>(${width} * 0.9)</arg>
<doc>Evaluates the given expression in Python and returns the result.</doc>
<msg timestamp="20221121 23:28:53.102" level="INFO">${START_X} = 648.0</msg>
<status status="PASS" starttime="20221121 23:28:53.101" endtime="20221121 23:28:53.102"/>
</kw>
<kw name="Evaluate" library="BuiltIn">
<var>${START_Y}</var>
<arg>(${height} * 0.5)</arg>
<doc>Evaluates the given expression in Python and returns the result.</doc>
<msg timestamp="20221121 23:28:53.102" level="INFO">${START_Y} = 592.0</msg>
<status status="PASS" starttime="20221121 23:28:53.102" endtime="20221121 23:28:53.102"/>
</kw>
<kw name="Evaluate" library="BuiltIn">
<var>${END_X}</var>
<arg>(${width} * 0.1)</arg>
<doc>Evaluates the given expression in Python and returns the result.</doc>
<msg timestamp="20221121 23:28:53.103" level="INFO">${END_X} = 72.0</msg>
<status status="PASS" starttime="20221121 23:28:53.102" endtime="20221121 23:28:53.103"/>
</kw>
<kw name="Evaluate" library="BuiltIn">
<var>${END_Y}</var>
<arg>(${height} * 0.5)</arg>
<doc>Evaluates the given expression in Python and returns the result.</doc>
<msg timestamp="20221121 23:28:53.103" level="INFO">${END_Y} = 592.0</msg>
<status status="PASS" starttime="20221121 23:28:53.103" endtime="20221121 23:28:53.103"/>
</kw>
<status status="PASS" starttime="20221121 23:28:53.101" endtime="20221121 23:28:53.103"/>
</branch>
<status status="PASS" starttime="20221121 23:28:53.100" endtime="20221121 23:28:53.103"/>
</if>
<kw name="Swipe" library="AppiumLibrary">
<arg>${START_X}</arg>
<arg>${START_Y}</arg>
<arg>${END_X}</arg>
<arg>${END_Y}</arg>
<arg>1500</arg>
<doc>Swipe from one point to another point, for an optional duration.</doc>
<status status="PASS" starttime="20221121 23:28:53.104" endtime="20221121 23:28:54.206"/>
</kw>
<status status="PASS" starttime="20221121 23:28:53.075" endtime="20221121 23:28:54.206"/>
</kw>
<status status="PASS" starttime="20221121 23:28:53.075" endtime="20221121 23:28:54.206"/>
</branch>
<branch type="ELSE">
<kw name="Exit For Loop" library="BuiltIn">
<doc>Stops executing the enclosing for loop.</doc>
<status status="NOT RUN" starttime="20221121 23:28:54.207" endtime="20221121 23:28:54.207"/>
</kw>
<status status="NOT RUN" starttime="20221121 23:28:54.206" endtime="20221121 23:28:54.207"/>
</branch>
<status status="PASS" starttime="20221121 23:28:53.075" endtime="20221121 23:28:54.207"/>
</if>
<status status="PASS" starttime="20221121 23:28:51.811" endtime="20221121 23:28:54.207"/>
</iter>
<iter>
<var name="${i}">5</var>
<kw name="Run Keyword And Return Status" library="BuiltIn">
<var>${is_visible}</var>
<arg>Wait Until Element Is Visible</arg>
<arg>${element}</arg>
<arg>1</arg>
<doc>Runs the given keyword with given arguments and returns the status as a Boolean value.</doc>
<kw name="Wait Until Element Is Visible" library="AppiumLibrary">
<arg>${element}</arg>
<arg>1</arg>
<doc>Waits until element specified with `locator` is visible.</doc>
<kw name="Capture Page Screenshot" library="AppiumLibrary">
<doc>Takes a screenshot of the current page and embeds it into the log.</doc>
<msg timestamp="20221121 23:28:55.533" level="INFO" html="true">&lt;/td&gt;&lt;/tr&gt;&lt;tr&gt;&lt;td colspan="3"&gt;&lt;a href="appium-screenshot-6.png"&gt;&lt;img src="appium-screenshot-6.png" width="800px"&gt;&lt;/a&gt;</msg>
<status status="PASS" starttime="20221121 23:28:55.386" endtime="20221121 23:28:55.533"/>
</kw>
<msg timestamp="20221121 23:28:55.534" level="FAIL">Element locator 'xpath=//android.widget.Button[contains(@content-desc, "Walter henley (white)")]' did not match any elements after 1 second</msg>
<status status="FAIL" starttime="20221121 23:28:54.207" endtime="20221121 23:28:55.534"/>
</kw>
<msg timestamp="20221121 23:28:55.534" level="INFO">${is_visible} = False</msg>
<status status="PASS" starttime="20221121 23:28:54.207" endtime="20221121 23:28:55.534"/>
</kw>
<if>
<branch type="IF" condition="&quot;${is_visible}&quot; == &quot;False&quot;">
<kw name="Swipe Horizontal" library="base">
<arg>${direction}</arg>
<kw name="Get Window Width" library="AppiumLibrary">
<var>${width}</var>
<doc>Get current device width.</doc>
<msg timestamp="20221121 23:28:55.551" level="INFO">${width} = 720</msg>
<status status="PASS" starttime="20221121 23:28:55.535" endtime="20221121 23:28:55.551"/>
</kw>
<kw name="Get Window Height" library="AppiumLibrary">
<var>${height}</var>
<doc>Get current device height.</doc>
<msg timestamp="20221121 23:28:55.557" level="INFO">${height} = 1184</msg>
<status status="PASS" starttime="20221121 23:28:55.551" endtime="20221121 23:28:55.557"/>
</kw>
<if>
<branch type="IF" condition="&quot;${direction}&quot; == &quot;RIGHT&quot;">
<kw name="Evaluate" library="BuiltIn">
<var>${START_X}</var>
<arg>(${width} * 0.1)</arg>
<doc>Evaluates the given expression in Python and returns the result.</doc>
<status status="NOT RUN" starttime="20221121 23:28:55.558" endtime="20221121 23:28:55.558"/>
</kw>
<kw name="Evaluate" library="BuiltIn">
<var>${START_Y}</var>
<arg>(${height} * 0.5)</arg>
<doc>Evaluates the given expression in Python and returns the result.</doc>
<status status="NOT RUN" starttime="20221121 23:28:55.558" endtime="20221121 23:28:55.558"/>
</kw>
<kw name="Evaluate" library="BuiltIn">
<var>${END_X}</var>
<arg>(${width} * 0.9)</arg>
<doc>Evaluates the given expression in Python and returns the result.</doc>
<status status="NOT RUN" starttime="20221121 23:28:55.558" endtime="20221121 23:28:55.558"/>
</kw>
<kw name="Evaluate" library="BuiltIn">
<var>${END_Y}</var>
<arg>(${height} * 0.5)</arg>
<doc>Evaluates the given expression in Python and returns the result.</doc>
<status status="NOT RUN" starttime="20221121 23:28:55.558" endtime="20221121 23:28:55.558"/>
</kw>
<status status="NOT RUN" starttime="20221121 23:28:55.558" endtime="20221121 23:28:55.558"/>
</branch>
<branch type="ELSE IF" condition="&quot;${direction}&quot; == &quot;LEFT&quot;">
<kw name="Evaluate" library="BuiltIn">
<var>${START_X}</var>
<arg>(${width} * 0.9)</arg>
<doc>Evaluates the given expression in Python and returns the result.</doc>
<msg timestamp="20221121 23:28:55.560" level="INFO">${START_X} = 648.0</msg>
<status status="PASS" starttime="20221121 23:28:55.559" endtime="20221121 23:28:55.560"/>
</kw>
<kw name="Evaluate" library="BuiltIn">
<var>${START_Y}</var>
<arg>(${height} * 0.5)</arg>
<doc>Evaluates the given expression in Python and returns the result.</doc>
<msg timestamp="20221121 23:28:55.561" level="INFO">${START_Y} = 592.0</msg>
<status status="PASS" starttime="20221121 23:28:55.560" endtime="20221121 23:28:55.561"/>
</kw>
<kw name="Evaluate" library="BuiltIn">
<var>${END_X}</var>
<arg>(${width} * 0.1)</arg>
<doc>Evaluates the given expression in Python and returns the result.</doc>
<msg timestamp="20221121 23:28:55.561" level="INFO">${END_X} = 72.0</msg>
<status status="PASS" starttime="20221121 23:28:55.561" endtime="20221121 23:28:55.561"/>
</kw>
<kw name="Evaluate" library="BuiltIn">
<var>${END_Y}</var>
<arg>(${height} * 0.5)</arg>
<doc>Evaluates the given expression in Python and returns the result.</doc>
<msg timestamp="20221121 23:28:55.562" level="INFO">${END_Y} = 592.0</msg>
<status status="PASS" starttime="20221121 23:28:55.561" endtime="20221121 23:28:55.562"/>
</kw>
<status status="PASS" starttime="20221121 23:28:55.559" endtime="20221121 23:28:55.562"/>
</branch>
<status status="PASS" starttime="20221121 23:28:55.557" endtime="20221121 23:28:55.562"/>
</if>
<kw name="Swipe" library="AppiumLibrary">
<arg>${START_X}</arg>
<arg>${START_Y}</arg>
<arg>${END_X}</arg>
<arg>${END_Y}</arg>
<arg>1500</arg>
<doc>Swipe from one point to another point, for an optional duration.</doc>
<status status="PASS" starttime="20221121 23:28:55.562" endtime="20221121 23:28:56.632"/>
</kw>
<status status="PASS" starttime="20221121 23:28:55.535" endtime="20221121 23:28:56.632"/>
</kw>
<status status="PASS" starttime="20221121 23:28:55.534" endtime="20221121 23:28:56.633"/>
</branch>
<branch type="ELSE">
<kw name="Exit For Loop" library="BuiltIn">
<doc>Stops executing the enclosing for loop.</doc>
<status status="NOT RUN" starttime="20221121 23:28:56.633" endtime="20221121 23:28:56.633"/>
</kw>
<status status="NOT RUN" starttime="20221121 23:28:56.633" endtime="20221121 23:28:56.633"/>
</branch>
<status status="PASS" starttime="20221121 23:28:55.534" endtime="20221121 23:28:56.633"/>
</if>
<status status="PASS" starttime="20221121 23:28:54.207" endtime="20221121 23:28:56.633"/>
</iter>
<iter>
<var name="${i}">6</var>
<kw name="Run Keyword And Return Status" library="BuiltIn">
<var>${is_visible}</var>
<arg>Wait Until Element Is Visible</arg>
<arg>${element}</arg>
<arg>1</arg>
<doc>Runs the given keyword with given arguments and returns the status as a Boolean value.</doc>
<kw name="Wait Until Element Is Visible" library="AppiumLibrary">
<arg>${element}</arg>
<arg>1</arg>
<doc>Waits until element specified with `locator` is visible.</doc>
<kw name="Capture Page Screenshot" library="AppiumLibrary">
<doc>Takes a screenshot of the current page and embeds it into the log.</doc>
<msg timestamp="20221121 23:28:57.858" level="INFO" html="true">&lt;/td&gt;&lt;/tr&gt;&lt;tr&gt;&lt;td colspan="3"&gt;&lt;a href="appium-screenshot-7.png"&gt;&lt;img src="appium-screenshot-7.png" width="800px"&gt;&lt;/a&gt;</msg>
<status status="PASS" starttime="20221121 23:28:57.712" endtime="20221121 23:28:57.858"/>
</kw>
<msg timestamp="20221121 23:28:57.859" level="FAIL">Element locator 'xpath=//android.widget.Button[contains(@content-desc, "Walter henley (white)")]' did not match any elements after 1 second</msg>
<status status="FAIL" starttime="20221121 23:28:56.634" endtime="20221121 23:28:57.859"/>
</kw>
<msg timestamp="20221121 23:28:57.859" level="INFO">${is_visible} = False</msg>
<status status="PASS" starttime="20221121 23:28:56.634" endtime="20221121 23:28:57.859"/>
</kw>
<if>
<branch type="IF" condition="&quot;${is_visible}&quot; == &quot;False&quot;">
<kw name="Swipe Horizontal" library="base">
<arg>${direction}</arg>
<kw name="Get Window Width" library="AppiumLibrary">
<var>${width}</var>
<doc>Get current device width.</doc>
<msg timestamp="20221121 23:28:57.866" level="INFO">${width} = 720</msg>
<status status="PASS" starttime="20221121 23:28:57.861" endtime="20221121 23:28:57.866"/>
</kw>
<kw name="Get Window Height" library="AppiumLibrary">
<var>${height}</var>
<doc>Get current device height.</doc>
<msg timestamp="20221121 23:28:57.872" level="INFO">${height} = 1184</msg>
<status status="PASS" starttime="20221121 23:28:57.866" endtime="20221121 23:28:57.872"/>
</kw>
<if>
<branch type="IF" condition="&quot;${direction}&quot; == &quot;RIGHT&quot;">
<kw name="Evaluate" library="BuiltIn">
<var>${START_X}</var>
<arg>(${width} * 0.1)</arg>
<doc>Evaluates the given expression in Python and returns the result.</doc>
<status status="NOT RUN" starttime="20221121 23:28:57.873" endtime="20221121 23:28:57.873"/>
</kw>
<kw name="Evaluate" library="BuiltIn">
<var>${START_Y}</var>
<arg>(${height} * 0.5)</arg>
<doc>Evaluates the given expression in Python and returns the result.</doc>
<status status="NOT RUN" starttime="20221121 23:28:57.873" endtime="20221121 23:28:57.873"/>
</kw>
<kw name="Evaluate" library="BuiltIn">
<var>${END_X}</var>
<arg>(${width} * 0.9)</arg>
<doc>Evaluates the given expression in Python and returns the result.</doc>
<status status="NOT RUN" starttime="20221121 23:28:57.873" endtime="20221121 23:28:57.873"/>
</kw>
<kw name="Evaluate" library="BuiltIn">
<var>${END_Y}</var>
<arg>(${height} * 0.5)</arg>
<doc>Evaluates the given expression in Python and returns the result.</doc>
<status status="NOT RUN" starttime="20221121 23:28:57.873" endtime="20221121 23:28:57.873"/>
</kw>
<status status="NOT RUN" starttime="20221121 23:28:57.872" endtime="20221121 23:28:57.873"/>
</branch>
<branch type="ELSE IF" condition="&quot;${direction}&quot; == &quot;LEFT&quot;">
<kw name="Evaluate" library="BuiltIn">
<var>${START_X}</var>
<arg>(${width} * 0.9)</arg>
<doc>Evaluates the given expression in Python and returns the result.</doc>
<msg timestamp="20221121 23:28:57.874" level="INFO">${START_X} = 648.0</msg>
<status status="PASS" starttime="20221121 23:28:57.874" endtime="20221121 23:28:57.874"/>
</kw>
<kw name="Evaluate" library="BuiltIn">
<var>${START_Y}</var>
<arg>(${height} * 0.5)</arg>
<doc>Evaluates the given expression in Python and returns the result.</doc>
<msg timestamp="20221121 23:28:57.875" level="INFO">${START_Y} = 592.0</msg>
<status status="PASS" starttime="20221121 23:28:57.874" endtime="20221121 23:28:57.875"/>
</kw>
<kw name="Evaluate" library="BuiltIn">
<var>${END_X}</var>
<arg>(${width} * 0.1)</arg>
<doc>Evaluates the given expression in Python and returns the result.</doc>
<msg timestamp="20221121 23:28:57.875" level="INFO">${END_X} = 72.0</msg>
<status status="PASS" starttime="20221121 23:28:57.875" endtime="20221121 23:28:57.875"/>
</kw>
<kw name="Evaluate" library="BuiltIn">
<var>${END_Y}</var>
<arg>(${height} * 0.5)</arg>
<doc>Evaluates the given expression in Python and returns the result.</doc>
<msg timestamp="20221121 23:28:57.876" level="INFO">${END_Y} = 592.0</msg>
<status status="PASS" starttime="20221121 23:28:57.875" endtime="20221121 23:28:57.876"/>
</kw>
<status status="PASS" starttime="20221121 23:28:57.873" endtime="20221121 23:28:57.876"/>
</branch>
<status status="PASS" starttime="20221121 23:28:57.872" endtime="20221121 23:28:57.876"/>
</if>
<kw name="Swipe" library="AppiumLibrary">
<arg>${START_X}</arg>
<arg>${START_Y}</arg>
<arg>${END_X}</arg>
<arg>${END_Y}</arg>
<arg>1500</arg>
<doc>Swipe from one point to another point, for an optional duration.</doc>
<status status="PASS" starttime="20221121 23:28:57.876" endtime="20221121 23:28:58.918"/>
</kw>
<status status="PASS" starttime="20221121 23:28:57.860" endtime="20221121 23:28:58.918"/>
</kw>
<status status="PASS" starttime="20221121 23:28:57.860" endtime="20221121 23:28:58.918"/>
</branch>
<branch type="ELSE">
<kw name="Exit For Loop" library="BuiltIn">
<doc>Stops executing the enclosing for loop.</doc>
<status status="NOT RUN" starttime="20221121 23:28:58.919" endtime="20221121 23:28:58.919"/>
</kw>
<status status="NOT RUN" starttime="20221121 23:28:58.919" endtime="20221121 23:28:58.919"/>
</branch>
<status status="PASS" starttime="20221121 23:28:57.859" endtime="20221121 23:28:58.919"/>
</if>
<status status="PASS" starttime="20221121 23:28:56.633" endtime="20221121 23:28:58.919"/>
</iter>
<iter>
<var name="${i}">7</var>
<kw name="Run Keyword And Return Status" library="BuiltIn">
<var>${is_visible}</var>
<arg>Wait Until Element Is Visible</arg>
<arg>${element}</arg>
<arg>1</arg>
<doc>Runs the given keyword with given arguments and returns the status as a Boolean value.</doc>
<kw name="Wait Until Element Is Visible" library="AppiumLibrary">
<arg>${element}</arg>
<arg>1</arg>
<doc>Waits until element specified with `locator` is visible.</doc>
<kw name="Capture Page Screenshot" library="AppiumLibrary">
<doc>Takes a screenshot of the current page and embeds it into the log.</doc>
<msg timestamp="20221121 23:29:00.085" level="INFO" html="true">&lt;/td&gt;&lt;/tr&gt;&lt;tr&gt;&lt;td colspan="3"&gt;&lt;a href="appium-screenshot-8.png"&gt;&lt;img src="appium-screenshot-8.png" width="800px"&gt;&lt;/a&gt;</msg>
<status status="PASS" starttime="20221121 23:28:59.942" endtime="20221121 23:29:00.085"/>
</kw>
<msg timestamp="20221121 23:29:00.086" level="FAIL">Element locator 'xpath=//android.widget.Button[contains(@content-desc, "Walter henley (white)")]' did not match any elements after 1 second</msg>
<status status="FAIL" starttime="20221121 23:28:58.921" endtime="20221121 23:29:00.086"/>
</kw>
<msg timestamp="20221121 23:29:00.086" level="INFO">${is_visible} = False</msg>
<status status="PASS" starttime="20221121 23:28:58.920" endtime="20221121 23:29:00.086"/>
</kw>
<if>
<branch type="IF" condition="&quot;${is_visible}&quot; == &quot;False&quot;">
<kw name="Swipe Horizontal" library="base">
<arg>${direction}</arg>
<kw name="Get Window Width" library="AppiumLibrary">
<var>${width}</var>
<doc>Get current device width.</doc>
<msg timestamp="20221121 23:29:00.093" level="INFO">${width} = 720</msg>
<status status="PASS" starttime="20221121 23:29:00.087" endtime="20221121 23:29:00.093"/>
</kw>
<kw name="Get Window Height" library="AppiumLibrary">
<var>${height}</var>
<doc>Get current device height.</doc>
<msg timestamp="20221121 23:29:00.098" level="INFO">${height} = 1184</msg>
<status status="PASS" starttime="20221121 23:29:00.093" endtime="20221121 23:29:00.098"/>
</kw>
<if>
<branch type="IF" condition="&quot;${direction}&quot; == &quot;RIGHT&quot;">
<kw name="Evaluate" library="BuiltIn">
<var>${START_X}</var>
<arg>(${width} * 0.1)</arg>
<doc>Evaluates the given expression in Python and returns the result.</doc>
<status status="NOT RUN" starttime="20221121 23:29:00.099" endtime="20221121 23:29:00.099"/>
</kw>
<kw name="Evaluate" library="BuiltIn">
<var>${START_Y}</var>
<arg>(${height} * 0.5)</arg>
<doc>Evaluates the given expression in Python and returns the result.</doc>
<status status="NOT RUN" starttime="20221121 23:29:00.099" endtime="20221121 23:29:00.099"/>
</kw>
<kw name="Evaluate" library="BuiltIn">
<var>${END_X}</var>
<arg>(${width} * 0.9)</arg>
<doc>Evaluates the given expression in Python and returns the result.</doc>
<status status="NOT RUN" starttime="20221121 23:29:00.099" endtime="20221121 23:29:00.099"/>
</kw>
<kw name="Evaluate" library="BuiltIn">
<var>${END_Y}</var>
<arg>(${height} * 0.5)</arg>
<doc>Evaluates the given expression in Python and returns the result.</doc>
<status status="NOT RUN" starttime="20221121 23:29:00.099" endtime="20221121 23:29:00.099"/>
</kw>
<status status="NOT RUN" starttime="20221121 23:29:00.099" endtime="20221121 23:29:00.099"/>
</branch>
<branch type="ELSE IF" condition="&quot;${direction}&quot; == &quot;LEFT&quot;">
<kw name="Evaluate" library="BuiltIn">
<var>${START_X}</var>
<arg>(${width} * 0.9)</arg>
<doc>Evaluates the given expression in Python and returns the result.</doc>
<msg timestamp="20221121 23:29:00.100" level="INFO">${START_X} = 648.0</msg>
<status status="PASS" starttime="20221121 23:29:00.100" endtime="20221121 23:29:00.100"/>
</kw>
<kw name="Evaluate" library="BuiltIn">
<var>${START_Y}</var>
<arg>(${height} * 0.5)</arg>
<doc>Evaluates the given expression in Python and returns the result.</doc>
<msg timestamp="20221121 23:29:00.101" level="INFO">${START_Y} = 592.0</msg>
<status status="PASS" starttime="20221121 23:29:00.100" endtime="20221121 23:29:00.101"/>
</kw>
<kw name="Evaluate" library="BuiltIn">
<var>${END_X}</var>
<arg>(${width} * 0.1)</arg>
<doc>Evaluates the given expression in Python and returns the result.</doc>
<msg timestamp="20221121 23:29:00.101" level="INFO">${END_X} = 72.0</msg>
<status status="PASS" starttime="20221121 23:29:00.101" endtime="20221121 23:29:00.101"/>
</kw>
<kw name="Evaluate" library="BuiltIn">
<var>${END_Y}</var>
<arg>(${height} * 0.5)</arg>
<doc>Evaluates the given expression in Python and returns the result.</doc>
<msg timestamp="20221121 23:29:00.102" level="INFO">${END_Y} = 592.0</msg>
<status status="PASS" starttime="20221121 23:29:00.102" endtime="20221121 23:29:00.102"/>
</kw>
<status status="PASS" starttime="20221121 23:29:00.100" endtime="20221121 23:29:00.102"/>
</branch>
<status status="PASS" starttime="20221121 23:29:00.098" endtime="20221121 23:29:00.102"/>
</if>
<kw name="Swipe" library="AppiumLibrary">
<arg>${START_X}</arg>
<arg>${START_Y}</arg>
<arg>${END_X}</arg>
<arg>${END_Y}</arg>
<arg>1500</arg>
<doc>Swipe from one point to another point, for an optional duration.</doc>
<status status="PASS" starttime="20221121 23:29:00.102" endtime="20221121 23:29:01.146"/>
</kw>
<status status="PASS" starttime="20221121 23:29:00.087" endtime="20221121 23:29:01.147"/>
</kw>
<status status="PASS" starttime="20221121 23:29:00.086" endtime="20221121 23:29:01.147"/>
</branch>
<branch type="ELSE">
<kw name="Exit For Loop" library="BuiltIn">
<doc>Stops executing the enclosing for loop.</doc>
<status status="NOT RUN" starttime="20221121 23:29:01.147" endtime="20221121 23:29:01.147"/>
</kw>
<status status="NOT RUN" starttime="20221121 23:29:01.147" endtime="20221121 23:29:01.147"/>
</branch>
<status status="PASS" starttime="20221121 23:29:00.086" endtime="20221121 23:29:01.147"/>
</if>
<status status="PASS" starttime="20221121 23:28:58.920" endtime="20221121 23:29:01.147"/>
</iter>
<iter>
<var name="${i}">8</var>
<kw name="Run Keyword And Return Status" library="BuiltIn">
<var>${is_visible}</var>
<arg>Wait Until Element Is Visible</arg>
<arg>${element}</arg>
<arg>1</arg>
<doc>Runs the given keyword with given arguments and returns the status as a Boolean value.</doc>
<kw name="Wait Until Element Is Visible" library="AppiumLibrary">
<arg>${element}</arg>
<arg>1</arg>
<doc>Waits until element specified with `locator` is visible.</doc>
<kw name="Capture Page Screenshot" library="AppiumLibrary">
<doc>Takes a screenshot of the current page and embeds it into the log.</doc>
<msg timestamp="20221121 23:29:02.503" level="INFO" html="true">&lt;/td&gt;&lt;/tr&gt;&lt;tr&gt;&lt;td colspan="3"&gt;&lt;a href="appium-screenshot-9.png"&gt;&lt;img src="appium-screenshot-9.png" width="800px"&gt;&lt;/a&gt;</msg>
<status status="PASS" starttime="20221121 23:29:02.323" endtime="20221121 23:29:02.503"/>
</kw>
<msg timestamp="20221121 23:29:02.504" level="FAIL">Element locator 'xpath=//android.widget.Button[contains(@content-desc, "Walter henley (white)")]' did not match any elements after 1 second</msg>
<status status="FAIL" starttime="20221121 23:29:01.148" endtime="20221121 23:29:02.504"/>
</kw>
<msg timestamp="20221121 23:29:02.504" level="INFO">${is_visible} = False</msg>
<status status="PASS" starttime="20221121 23:29:01.148" endtime="20221121 23:29:02.505"/>
</kw>
<if>
<branch type="IF" condition="&quot;${is_visible}&quot; == &quot;False&quot;">
<kw name="Swipe Horizontal" library="base">
<arg>${direction}</arg>
<kw name="Get Window Width" library="AppiumLibrary">
<var>${width}</var>
<doc>Get current device width.</doc>
<msg timestamp="20221121 23:29:02.513" level="INFO">${width} = 720</msg>
<status status="PASS" starttime="20221121 23:29:02.506" endtime="20221121 23:29:02.513"/>
</kw>
<kw name="Get Window Height" library="AppiumLibrary">
<var>${height}</var>
<doc>Get current device height.</doc>
<msg timestamp="20221121 23:29:02.518" level="INFO">${height} = 1184</msg>
<status status="PASS" starttime="20221121 23:29:02.513" endtime="20221121 23:29:02.518"/>
</kw>
<if>
<branch type="IF" condition="&quot;${direction}&quot; == &quot;RIGHT&quot;">
<kw name="Evaluate" library="BuiltIn">
<var>${START_X}</var>
<arg>(${width} * 0.1)</arg>
<doc>Evaluates the given expression in Python and returns the result.</doc>
<status status="NOT RUN" starttime="20221121 23:29:02.519" endtime="20221121 23:29:02.519"/>
</kw>
<kw name="Evaluate" library="BuiltIn">
<var>${START_Y}</var>
<arg>(${height} * 0.5)</arg>
<doc>Evaluates the given expression in Python and returns the result.</doc>
<status status="NOT RUN" starttime="20221121 23:29:02.519" endtime="20221121 23:29:02.519"/>
</kw>
<kw name="Evaluate" library="BuiltIn">
<var>${END_X}</var>
<arg>(${width} * 0.9)</arg>
<doc>Evaluates the given expression in Python and returns the result.</doc>
<status status="NOT RUN" starttime="20221121 23:29:02.519" endtime="20221121 23:29:02.519"/>
</kw>
<kw name="Evaluate" library="BuiltIn">
<var>${END_Y}</var>
<arg>(${height} * 0.5)</arg>
<doc>Evaluates the given expression in Python and returns the result.</doc>
<status status="NOT RUN" starttime="20221121 23:29:02.520" endtime="20221121 23:29:02.520"/>
</kw>
<status status="NOT RUN" starttime="20221121 23:29:02.519" endtime="20221121 23:29:02.520"/>
</branch>
<branch type="ELSE IF" condition="&quot;${direction}&quot; == &quot;LEFT&quot;">
<kw name="Evaluate" library="BuiltIn">
<var>${START_X}</var>
<arg>(${width} * 0.9)</arg>
<doc>Evaluates the given expression in Python and returns the result.</doc>
<msg timestamp="20221121 23:29:02.520" level="INFO">${START_X} = 648.0</msg>
<status status="PASS" starttime="20221121 23:29:02.520" endtime="20221121 23:29:02.520"/>
</kw>
<kw name="Evaluate" library="BuiltIn">
<var>${START_Y}</var>
<arg>(${height} * 0.5)</arg>
<doc>Evaluates the given expression in Python and returns the result.</doc>
<msg timestamp="20221121 23:29:02.521" level="INFO">${START_Y} = 592.0</msg>
<status status="PASS" starttime="20221121 23:29:02.521" endtime="20221121 23:29:02.521"/>
</kw>
<kw name="Evaluate" library="BuiltIn">
<var>${END_X}</var>
<arg>(${width} * 0.1)</arg>
<doc>Evaluates the given expression in Python and returns the result.</doc>
<msg timestamp="20221121 23:29:02.521" level="INFO">${END_X} = 72.0</msg>
<status status="PASS" starttime="20221121 23:29:02.521" endtime="20221121 23:29:02.521"/>
</kw>
<kw name="Evaluate" library="BuiltIn">
<var>${END_Y}</var>
<arg>(${height} * 0.5)</arg>
<doc>Evaluates the given expression in Python and returns the result.</doc>
<msg timestamp="20221121 23:29:02.522" level="INFO">${END_Y} = 592.0</msg>
<status status="PASS" starttime="20221121 23:29:02.522" endtime="20221121 23:29:02.522"/>
</kw>
<status status="PASS" starttime="20221121 23:29:02.520" endtime="20221121 23:29:02.522"/>
</branch>
<status status="PASS" starttime="20221121 23:29:02.518" endtime="20221121 23:29:02.522"/>
</if>
<kw name="Swipe" library="AppiumLibrary">
<arg>${START_X}</arg>
<arg>${START_Y}</arg>
<arg>${END_X}</arg>
<arg>${END_Y}</arg>
<arg>1500</arg>
<doc>Swipe from one point to another point, for an optional duration.</doc>
<status status="PASS" starttime="20221121 23:29:02.522" endtime="20221121 23:29:03.583"/>
</kw>
<status status="PASS" starttime="20221121 23:29:02.505" endtime="20221121 23:29:03.583"/>
</kw>
<status status="PASS" starttime="20221121 23:29:02.505" endtime="20221121 23:29:03.583"/>
</branch>
<branch type="ELSE">
<kw name="Exit For Loop" library="BuiltIn">
<doc>Stops executing the enclosing for loop.</doc>
<status status="NOT RUN" starttime="20221121 23:29:03.584" endtime="20221121 23:29:03.584"/>
</kw>
<status status="NOT RUN" starttime="20221121 23:29:03.584" endtime="20221121 23:29:03.584"/>
</branch>
<status status="PASS" starttime="20221121 23:29:02.505" endtime="20221121 23:29:03.584"/>
</if>
<status status="PASS" starttime="20221121 23:29:01.148" endtime="20221121 23:29:03.584"/>
</iter>
<iter>
<var name="${i}">9</var>
<kw name="Run Keyword And Return Status" library="BuiltIn">
<var>${is_visible}</var>
<arg>Wait Until Element Is Visible</arg>
<arg>${element}</arg>
<arg>1</arg>
<doc>Runs the given keyword with given arguments and returns the status as a Boolean value.</doc>
<kw name="Wait Until Element Is Visible" library="AppiumLibrary">
<arg>${element}</arg>
<arg>1</arg>
<doc>Waits until element specified with `locator` is visible.</doc>
<kw name="Capture Page Screenshot" library="AppiumLibrary">
<doc>Takes a screenshot of the current page and embeds it into the log.</doc>
<msg timestamp="20221121 23:29:04.815" level="INFO" html="true">&lt;/td&gt;&lt;/tr&gt;&lt;tr&gt;&lt;td colspan="3"&gt;&lt;a href="appium-screenshot-10.png"&gt;&lt;img src="appium-screenshot-10.png" width="800px"&gt;&lt;/a&gt;</msg>
<status status="PASS" starttime="20221121 23:29:04.636" endtime="20221121 23:29:04.816"/>
</kw>
<msg timestamp="20221121 23:29:04.816" level="FAIL">Element locator 'xpath=//android.widget.Button[contains(@content-desc, "Walter henley (white)")]' did not match any elements after 1 second</msg>
<status status="FAIL" starttime="20221121 23:29:03.585" endtime="20221121 23:29:04.816"/>
</kw>
<msg timestamp="20221121 23:29:04.817" level="INFO">${is_visible} = False</msg>
<status status="PASS" starttime="20221121 23:29:03.584" endtime="20221121 23:29:04.817"/>
</kw>
<if>
<branch type="IF" condition="&quot;${is_visible}&quot; == &quot;False&quot;">
<kw name="Swipe Horizontal" library="base">
<arg>${direction}</arg>
<kw name="Get Window Width" library="AppiumLibrary">
<var>${width}</var>
<doc>Get current device width.</doc>
<msg timestamp="20221121 23:29:04.826" level="INFO">${width} = 720</msg>
<status status="PASS" starttime="20221121 23:29:04.818" endtime="20221121 23:29:04.826"/>
</kw>
<kw name="Get Window Height" library="AppiumLibrary">
<var>${height}</var>
<doc>Get current device height.</doc>
<msg timestamp="20221121 23:29:04.832" level="INFO">${height} = 1184</msg>
<status status="PASS" starttime="20221121 23:29:04.826" endtime="20221121 23:29:04.832"/>
</kw>
<if>
<branch type="IF" condition="&quot;${direction}&quot; == &quot;RIGHT&quot;">
<kw name="Evaluate" library="BuiltIn">
<var>${START_X}</var>
<arg>(${width} * 0.1)</arg>
<doc>Evaluates the given expression in Python and returns the result.</doc>
<status status="NOT RUN" starttime="20221121 23:29:04.833" endtime="20221121 23:29:04.833"/>
</kw>
<kw name="Evaluate" library="BuiltIn">
<var>${START_Y}</var>
<arg>(${height} * 0.5)</arg>
<doc>Evaluates the given expression in Python and returns the result.</doc>
<status status="NOT RUN" starttime="20221121 23:29:04.833" endtime="20221121 23:29:04.833"/>
</kw>
<kw name="Evaluate" library="BuiltIn">
<var>${END_X}</var>
<arg>(${width} * 0.9)</arg>
<doc>Evaluates the given expression in Python and returns the result.</doc>
<status status="NOT RUN" starttime="20221121 23:29:04.833" endtime="20221121 23:29:04.833"/>
</kw>
<kw name="Evaluate" library="BuiltIn">
<var>${END_Y}</var>
<arg>(${height} * 0.5)</arg>
<doc>Evaluates the given expression in Python and returns the result.</doc>
<status status="NOT RUN" starttime="20221121 23:29:04.833" endtime="20221121 23:29:04.833"/>
</kw>
<status status="NOT RUN" starttime="20221121 23:29:04.832" endtime="20221121 23:29:04.833"/>
</branch>
<branch type="ELSE IF" condition="&quot;${direction}&quot; == &quot;LEFT&quot;">
<kw name="Evaluate" library="BuiltIn">
<var>${START_X}</var>
<arg>(${width} * 0.9)</arg>
<doc>Evaluates the given expression in Python and returns the result.</doc>
<msg timestamp="20221121 23:29:04.834" level="INFO">${START_X} = 648.0</msg>
<status status="PASS" starttime="20221121 23:29:04.834" endtime="20221121 23:29:04.834"/>
</kw>
<kw name="Evaluate" library="BuiltIn">
<var>${START_Y}</var>
<arg>(${height} * 0.5)</arg>
<doc>Evaluates the given expression in Python and returns the result.</doc>
<msg timestamp="20221121 23:29:04.835" level="INFO">${START_Y} = 592.0</msg>
<status status="PASS" starttime="20221121 23:29:04.834" endtime="20221121 23:29:04.835"/>
</kw>
<kw name="Evaluate" library="BuiltIn">
<var>${END_X}</var>
<arg>(${width} * 0.1)</arg>
<doc>Evaluates the given expression in Python and returns the result.</doc>
<msg timestamp="20221121 23:29:04.835" level="INFO">${END_X} = 72.0</msg>
<status status="PASS" starttime="20221121 23:29:04.835" endtime="20221121 23:29:04.835"/>
</kw>
<kw name="Evaluate" library="BuiltIn">
<var>${END_Y}</var>
<arg>(${height} * 0.5)</arg>
<doc>Evaluates the given expression in Python and returns the result.</doc>
<msg timestamp="20221121 23:29:04.836" level="INFO">${END_Y} = 592.0</msg>
<status status="PASS" starttime="20221121 23:29:04.835" endtime="20221121 23:29:04.836"/>
</kw>
<status status="PASS" starttime="20221121 23:29:04.833" endtime="20221121 23:29:04.836"/>
</branch>
<status status="PASS" starttime="20221121 23:29:04.832" endtime="20221121 23:29:04.836"/>
</if>
<kw name="Swipe" library="AppiumLibrary">
<arg>${START_X}</arg>
<arg>${START_Y}</arg>
<arg>${END_X}</arg>
<arg>${END_Y}</arg>
<arg>1500</arg>
<doc>Swipe from one point to another point, for an optional duration.</doc>
<status status="PASS" starttime="20221121 23:29:04.836" endtime="20221121 23:29:05.927"/>
</kw>
<status status="PASS" starttime="20221121 23:29:04.817" endtime="20221121 23:29:05.927"/>
</kw>
<status status="PASS" starttime="20221121 23:29:04.817" endtime="20221121 23:29:05.927"/>
</branch>
<branch type="ELSE">
<kw name="Exit For Loop" library="BuiltIn">
<doc>Stops executing the enclosing for loop.</doc>
<status status="NOT RUN" starttime="20221121 23:29:05.927" endtime="20221121 23:29:05.927"/>
</kw>
<status status="NOT RUN" starttime="20221121 23:29:05.927" endtime="20221121 23:29:05.927"/>
</branch>
<status status="PASS" starttime="20221121 23:29:04.817" endtime="20221121 23:29:05.927"/>
</if>
<status status="PASS" starttime="20221121 23:29:03.584" endtime="20221121 23:29:05.927"/>
</iter>
<iter>
<var name="${i}">10</var>
<kw name="Run Keyword And Return Status" library="BuiltIn">
<var>${is_visible}</var>
<arg>Wait Until Element Is Visible</arg>
<arg>${element}</arg>
<arg>1</arg>
<doc>Runs the given keyword with given arguments and returns the status as a Boolean value.</doc>
<kw name="Wait Until Element Is Visible" library="AppiumLibrary">
<arg>${element}</arg>
<arg>1</arg>
<doc>Waits until element specified with `locator` is visible.</doc>
<kw name="Capture Page Screenshot" library="AppiumLibrary">
<doc>Takes a screenshot of the current page and embeds it into the log.</doc>
<msg timestamp="20221121 23:29:07.279" level="INFO" html="true">&lt;/td&gt;&lt;/tr&gt;&lt;tr&gt;&lt;td colspan="3"&gt;&lt;a href="appium-screenshot-11.png"&gt;&lt;img src="appium-screenshot-11.png" width="800px"&gt;&lt;/a&gt;</msg>
<status status="PASS" starttime="20221121 23:29:07.107" endtime="20221121 23:29:07.280"/>
</kw>
<msg timestamp="20221121 23:29:07.280" level="FAIL">Element locator 'xpath=//android.widget.Button[contains(@content-desc, "Walter henley (white)")]' did not match any elements after 1 second</msg>
<status status="FAIL" starttime="20221121 23:29:05.928" endtime="20221121 23:29:07.280"/>
</kw>
<msg timestamp="20221121 23:29:07.280" level="INFO">${is_visible} = False</msg>
<status status="PASS" starttime="20221121 23:29:05.928" endtime="20221121 23:29:07.280"/>
</kw>
<if>
<branch type="IF" condition="&quot;${is_visible}&quot; == &quot;False&quot;">
<kw name="Swipe Horizontal" library="base">
<arg>${direction}</arg>
<kw name="Get Window Width" library="AppiumLibrary">
<var>${width}</var>
<doc>Get current device width.</doc>
<msg timestamp="20221121 23:29:07.300" level="INFO">${width} = 720</msg>
<status status="PASS" starttime="20221121 23:29:07.281" endtime="20221121 23:29:07.300"/>
</kw>
<kw name="Get Window Height" library="AppiumLibrary">
<var>${height}</var>
<doc>Get current device height.</doc>
<msg timestamp="20221121 23:29:07.307" level="INFO">${height} = 1184</msg>
<status status="PASS" starttime="20221121 23:29:07.300" endtime="20221121 23:29:07.307"/>
</kw>
<if>
<branch type="IF" condition="&quot;${direction}&quot; == &quot;RIGHT&quot;">
<kw name="Evaluate" library="BuiltIn">
<var>${START_X}</var>
<arg>(${width} * 0.1)</arg>
<doc>Evaluates the given expression in Python and returns the result.</doc>
<status status="NOT RUN" starttime="20221121 23:29:07.307" endtime="20221121 23:29:07.307"/>
</kw>
<kw name="Evaluate" library="BuiltIn">
<var>${START_Y}</var>
<arg>(${height} * 0.5)</arg>
<doc>Evaluates the given expression in Python and returns the result.</doc>
<status status="NOT RUN" starttime="20221121 23:29:07.307" endtime="20221121 23:29:07.307"/>
</kw>
<kw name="Evaluate" library="BuiltIn">
<var>${END_X}</var>
<arg>(${width} * 0.9)</arg>
<doc>Evaluates the given expression in Python and returns the result.</doc>
<status status="NOT RUN" starttime="20221121 23:29:07.308" endtime="20221121 23:29:07.308"/>
</kw>
<kw name="Evaluate" library="BuiltIn">
<var>${END_Y}</var>
<arg>(${height} * 0.5)</arg>
<doc>Evaluates the given expression in Python and returns the result.</doc>
<status status="NOT RUN" starttime="20221121 23:29:07.308" endtime="20221121 23:29:07.308"/>
</kw>
<status status="NOT RUN" starttime="20221121 23:29:07.307" endtime="20221121 23:29:07.308"/>
</branch>
<branch type="ELSE IF" condition="&quot;${direction}&quot; == &quot;LEFT&quot;">
<kw name="Evaluate" library="BuiltIn">
<var>${START_X}</var>
<arg>(${width} * 0.9)</arg>
<doc>Evaluates the given expression in Python and returns the result.</doc>
<msg timestamp="20221121 23:29:07.309" level="INFO">${START_X} = 648.0</msg>
<status status="PASS" starttime="20221121 23:29:07.308" endtime="20221121 23:29:07.309"/>
</kw>
<kw name="Evaluate" library="BuiltIn">
<var>${START_Y}</var>
<arg>(${height} * 0.5)</arg>
<doc>Evaluates the given expression in Python and returns the result.</doc>
<msg timestamp="20221121 23:29:07.309" level="INFO">${START_Y} = 592.0</msg>
<status status="PASS" starttime="20221121 23:29:07.309" endtime="20221121 23:29:07.309"/>
</kw>
<kw name="Evaluate" library="BuiltIn">
<var>${END_X}</var>
<arg>(${width} * 0.1)</arg>
<doc>Evaluates the given expression in Python and returns the result.</doc>
<msg timestamp="20221121 23:29:07.310" level="INFO">${END_X} = 72.0</msg>
<status status="PASS" starttime="20221121 23:29:07.309" endtime="20221121 23:29:07.310"/>
</kw>
<kw name="Evaluate" library="BuiltIn">
<var>${END_Y}</var>
<arg>(${height} * 0.5)</arg>
<doc>Evaluates the given expression in Python and returns the result.</doc>
<msg timestamp="20221121 23:29:07.310" level="INFO">${END_Y} = 592.0</msg>
<status status="PASS" starttime="20221121 23:29:07.310" endtime="20221121 23:29:07.310"/>
</kw>
<status status="PASS" starttime="20221121 23:29:07.308" endtime="20221121 23:29:07.311"/>
</branch>
<status status="PASS" starttime="20221121 23:29:07.307" endtime="20221121 23:29:07.311"/>
</if>
<kw name="Swipe" library="AppiumLibrary">
<arg>${START_X}</arg>
<arg>${START_Y}</arg>
<arg>${END_X}</arg>
<arg>${END_Y}</arg>
<arg>1500</arg>
<doc>Swipe from one point to another point, for an optional duration.</doc>
<status status="PASS" starttime="20221121 23:29:07.311" endtime="20221121 23:29:08.396"/>
</kw>
<status status="PASS" starttime="20221121 23:29:07.281" endtime="20221121 23:29:08.397"/>
</kw>
<status status="PASS" starttime="20221121 23:29:07.281" endtime="20221121 23:29:08.397"/>
</branch>
<branch type="ELSE">
<kw name="Exit For Loop" library="BuiltIn">
<doc>Stops executing the enclosing for loop.</doc>
<status status="NOT RUN" starttime="20221121 23:29:08.397" endtime="20221121 23:29:08.397"/>
</kw>
<status status="NOT RUN" starttime="20221121 23:29:08.397" endtime="20221121 23:29:08.397"/>
</branch>
<status status="PASS" starttime="20221121 23:29:07.280" endtime="20221121 23:29:08.397"/>
</if>
<status status="PASS" starttime="20221121 23:29:05.928" endtime="20221121 23:29:08.397"/>
</iter>
<iter>
<var name="${i}">11</var>
<kw name="Run Keyword And Return Status" library="BuiltIn">
<var>${is_visible}</var>
<arg>Wait Until Element Is Visible</arg>
<arg>${element}</arg>
<arg>1</arg>
<doc>Runs the given keyword with given arguments and returns the status as a Boolean value.</doc>
<kw name="Wait Until Element Is Visible" library="AppiumLibrary">
<arg>${element}</arg>
<arg>1</arg>
<doc>Waits until element specified with `locator` is visible.</doc>
<kw name="Capture Page Screenshot" library="AppiumLibrary">
<doc>Takes a screenshot of the current page and embeds it into the log.</doc>
<msg timestamp="20221121 23:29:09.788" level="INFO" html="true">&lt;/td&gt;&lt;/tr&gt;&lt;tr&gt;&lt;td colspan="3"&gt;&lt;a href="appium-screenshot-12.png"&gt;&lt;img src="appium-screenshot-12.png" width="800px"&gt;&lt;/a&gt;</msg>
<status status="PASS" starttime="20221121 23:29:09.602" endtime="20221121 23:29:09.789"/>
</kw>
<msg timestamp="20221121 23:29:09.789" level="FAIL">Element locator 'xpath=//android.widget.Button[contains(@content-desc, "Walter henley (white)")]' did not match any elements after 1 second</msg>
<status status="FAIL" starttime="20221121 23:29:08.398" endtime="20221121 23:29:09.789"/>
</kw>
<msg timestamp="20221121 23:29:09.790" level="INFO">${is_visible} = False</msg>
<status status="PASS" starttime="20221121 23:29:08.398" endtime="20221121 23:29:09.790"/>
</kw>
<if>
<branch type="IF" condition="&quot;${is_visible}&quot; == &quot;False&quot;">
<kw name="Swipe Horizontal" library="base">
<arg>${direction}</arg>
<kw name="Get Window Width" library="AppiumLibrary">
<var>${width}</var>
<doc>Get current device width.</doc>
<msg timestamp="20221121 23:29:09.801" level="INFO">${width} = 720</msg>
<status status="PASS" starttime="20221121 23:29:09.791" endtime="20221121 23:29:09.801"/>
</kw>
<kw name="Get Window Height" library="AppiumLibrary">
<var>${height}</var>
<doc>Get current device height.</doc>
<msg timestamp="20221121 23:29:09.811" level="INFO">${height} = 1184</msg>
<status status="PASS" starttime="20221121 23:29:09.801" endtime="20221121 23:29:09.811"/>
</kw>
<if>
<branch type="IF" condition="&quot;${direction}&quot; == &quot;RIGHT&quot;">
<kw name="Evaluate" library="BuiltIn">
<var>${START_X}</var>
<arg>(${width} * 0.1)</arg>
<doc>Evaluates the given expression in Python and returns the result.</doc>
<status status="NOT RUN" starttime="20221121 23:29:09.811" endtime="20221121 23:29:09.811"/>
</kw>
<kw name="Evaluate" library="BuiltIn">
<var>${START_Y}</var>
<arg>(${height} * 0.5)</arg>
<doc>Evaluates the given expression in Python and returns the result.</doc>
<status status="NOT RUN" starttime="20221121 23:29:09.812" endtime="20221121 23:29:09.812"/>
</kw>
<kw name="Evaluate" library="BuiltIn">
<var>${END_X}</var>
<arg>(${width} * 0.9)</arg>
<doc>Evaluates the given expression in Python and returns the result.</doc>
<status status="NOT RUN" starttime="20221121 23:29:09.812" endtime="20221121 23:29:09.812"/>
</kw>
<kw name="Evaluate" library="BuiltIn">
<var>${END_Y}</var>
<arg>(${height} * 0.5)</arg>
<doc>Evaluates the given expression in Python and returns the result.</doc>
<status status="NOT RUN" starttime="20221121 23:29:09.812" endtime="20221121 23:29:09.812"/>
</kw>
<status status="NOT RUN" starttime="20221121 23:29:09.811" endtime="20221121 23:29:09.812"/>
</branch>
<branch type="ELSE IF" condition="&quot;${direction}&quot; == &quot;LEFT&quot;">
<kw name="Evaluate" library="BuiltIn">
<var>${START_X}</var>
<arg>(${width} * 0.9)</arg>
<doc>Evaluates the given expression in Python and returns the result.</doc>
<msg timestamp="20221121 23:29:09.813" level="INFO">${START_X} = 648.0</msg>
<status status="PASS" starttime="20221121 23:29:09.812" endtime="20221121 23:29:09.813"/>
</kw>
<kw name="Evaluate" library="BuiltIn">
<var>${START_Y}</var>
<arg>(${height} * 0.5)</arg>
<doc>Evaluates the given expression in Python and returns the result.</doc>
<msg timestamp="20221121 23:29:09.813" level="INFO">${START_Y} = 592.0</msg>
<status status="PASS" starttime="20221121 23:29:09.813" endtime="20221121 23:29:09.813"/>
</kw>
<kw name="Evaluate" library="BuiltIn">
<var>${END_X}</var>
<arg>(${width} * 0.1)</arg>
<doc>Evaluates the given expression in Python and returns the result.</doc>
<msg timestamp="20221121 23:29:09.814" level="INFO">${END_X} = 72.0</msg>
<status status="PASS" starttime="20221121 23:29:09.813" endtime="20221121 23:29:09.814"/>
</kw>
<kw name="Evaluate" library="BuiltIn">
<var>${END_Y}</var>
<arg>(${height} * 0.5)</arg>
<doc>Evaluates the given expression in Python and returns the result.</doc>
<msg timestamp="20221121 23:29:09.814" level="INFO">${END_Y} = 592.0</msg>
<status status="PASS" starttime="20221121 23:29:09.814" endtime="20221121 23:29:09.814"/>
</kw>
<status status="PASS" starttime="20221121 23:29:09.812" endtime="20221121 23:29:09.814"/>
</branch>
<status status="PASS" starttime="20221121 23:29:09.811" endtime="20221121 23:29:09.814"/>
</if>
<kw name="Swipe" library="AppiumLibrary">
<arg>${START_X}</arg>
<arg>${START_Y}</arg>
<arg>${END_X}</arg>
<arg>${END_Y}</arg>
<arg>1500</arg>
<doc>Swipe from one point to another point, for an optional duration.</doc>
<status status="PASS" starttime="20221121 23:29:09.815" endtime="20221121 23:29:10.880"/>
</kw>
<status status="PASS" starttime="20221121 23:29:09.790" endtime="20221121 23:29:10.881"/>
</kw>
<status status="PASS" starttime="20221121 23:29:09.790" endtime="20221121 23:29:10.881"/>
</branch>
<branch type="ELSE">
<kw name="Exit For Loop" library="BuiltIn">
<doc>Stops executing the enclosing for loop.</doc>
<status status="NOT RUN" starttime="20221121 23:29:10.881" endtime="20221121 23:29:10.881"/>
</kw>
<status status="NOT RUN" starttime="20221121 23:29:10.881" endtime="20221121 23:29:10.881"/>
</branch>
<status status="PASS" starttime="20221121 23:29:09.790" endtime="20221121 23:29:10.881"/>
</if>
<status status="PASS" starttime="20221121 23:29:08.398" endtime="20221121 23:29:10.881"/>
</iter>
<iter>
<var name="${i}">12</var>
<kw name="Run Keyword And Return Status" library="BuiltIn">
<var>${is_visible}</var>
<arg>Wait Until Element Is Visible</arg>
<arg>${element}</arg>
<arg>1</arg>
<doc>Runs the given keyword with given arguments and returns the status as a Boolean value.</doc>
<kw name="Wait Until Element Is Visible" library="AppiumLibrary">
<arg>${element}</arg>
<arg>1</arg>
<doc>Waits until element specified with `locator` is visible.</doc>
<status status="PASS" starttime="20221121 23:29:10.882" endtime="20221121 23:29:11.471"/>
</kw>
<msg timestamp="20221121 23:29:11.471" level="INFO">${is_visible} = True</msg>
<status status="PASS" starttime="20221121 23:29:10.882" endtime="20221121 23:29:11.471"/>
</kw>
<if>
<branch type="IF" condition="&quot;${is_visible}&quot; == &quot;False&quot;">
<kw name="Swipe Horizontal" library="base">
<arg>${direction}</arg>
<status status="NOT RUN" starttime="20221121 23:29:11.473" endtime="20221121 23:29:11.473"/>
</kw>
<status status="NOT RUN" starttime="20221121 23:29:11.472" endtime="20221121 23:29:11.473"/>
</branch>
<branch type="ELSE">
<kw name="Exit For Loop" library="BuiltIn">
<doc>Stops executing the enclosing for loop.</doc>
<msg timestamp="20221121 23:29:11.474" level="INFO">Exiting for loop altogether.</msg>
<status status="PASS" starttime="20221121 23:29:11.473" endtime="20221121 23:29:11.474"/>
</kw>
<status status="PASS" starttime="20221121 23:29:11.473" endtime="20221121 23:29:11.475"/>
</branch>
<status status="PASS" starttime="20221121 23:29:11.472" endtime="20221121 23:29:11.475"/>
</if>
<status status="PASS" starttime="20221121 23:29:10.881" endtime="20221121 23:29:11.475"/>
</iter>
<status status="PASS" starttime="20221121 23:28:42.163" endtime="20221121 23:29:11.475"/>
</for>
[...]
</kw>
<kw name="Log" library="BuiltIn">
<arg>${price}</arg>
<doc>Logs the given message with the given level.</doc>
<msg timestamp="20221121 23:29:36.116" level="INFO">Walter henley (white)
Quantity: 1
x $38</msg>
<status status="PASS" starttime="20221121 23:29:36.115" endtime="20221121 23:29:36.116"/>
</kw>
<kw name="Get Product Price" library="ProductPage">
<var>${product_price}</var>
<arg>${price}</arg>
<kw name="Remove String Using Regexp" library="String">
<var>${product_price}</var>
<arg>${string_price}</arg>
<arg>^[^$]*</arg>
<doc>Removes ``patterns`` from the given ``string``.</doc>
<msg timestamp="20221121 23:29:36.117" level="INFO">${product_price} = $38</msg>
<status status="PASS" starttime="20221121 23:29:36.116" endtime="20221121 23:29:36.117"/>
</kw>
<kw name="Remove String" library="String">
<var>${product_price}</var>
<arg>${product_price}</arg>
<arg>$</arg>
<doc>Removes all ``removables`` from the given ``string``.</doc>
<msg timestamp="20221121 23:29:36.117" level="INFO">${product_price} = 38</msg>
<status status="PASS" starttime="20221121 23:29:36.117" endtime="20221121 23:29:36.117"/>
</kw>
<kw name="Convert To Number" library="BuiltIn">
<var>${product_price}</var>
<arg>${product_price}</arg>
<doc>Converts the given item to a floating point number.</doc>
<msg timestamp="20221121 23:29:36.118" level="INFO">${product_price} = 38.0</msg>
<status status="PASS" starttime="20221121 23:29:36.117" endtime="20221121 23:29:36.118"/>
</kw>
<msg timestamp="20221121 23:29:36.118" level="INFO">${product_price} = 38.0</msg>
<status status="PASS" starttime="20221121 23:29:36.116" endtime="20221121 23:29:36.118"/>
</kw>
<kw name="Log" library="BuiltIn">
<arg>${product_price}</arg>
<doc>Logs the given message with the given level.</doc>
<msg timestamp="20221121 23:29:36.119" level="INFO">38.0</msg>
<status status="PASS" starttime="20221121 23:29:36.118" endtime="20221121 23:29:36.119"/>
</kw>
<kw name="Evaluate" library="BuiltIn">
<var>${total_product_price}</var>
<arg>${total_product_price}+${product_price}</arg>
<doc>Evaluates the given expression in Python and returns the result.</doc>
<msg timestamp="20221121 23:29:36.119" level="INFO">${total_product_price} = 38.0</msg>
<status status="PASS" starttime="20221121 23:29:36.119" endtime="20221121 23:29:36.119"/>
</kw>
<status status="PASS" starttime="20221121 23:29:36.096" endtime="20221121 23:29:36.119"/>
</iter>
<iter>
<var name="${index}">2</var>
<kw name="Get Element Attribute" library="AppiumLibrary">
<var>${price}</var>
<arg>//android.widget.Button[contains(@content-desc, "Close cart")]/following-sibling::android.view.View[2]/android.view.View[${INDEX}]</arg>
<arg>content-desc</arg>
<doc>Get element attribute using given attribute: name, value,...</doc>
<msg timestamp="20221121 23:29:36.140" level="INFO">Element '//android.widget.Button[contains(@content-desc, "Close cart")]/following-sibling::android.view.View[2]/android.view.View[2]' attribute 'content-desc' value 'Shrug bag
Quantity: 1
x $198' </msg>
<msg timestamp="20221121 23:29:36.140" level="INFO">${price} = Shrug bag
Quantity: 1
x $198</msg>
<status status="PASS" starttime="20221121 23:29:36.120" endtime="20221121 23:29:36.140"/>
</kw>
<kw name="Log" library="BuiltIn">
<arg>${price}</arg>
<doc>Logs the given message with the given level.</doc>
<msg timestamp="20221121 23:29:36.141" level="INFO">Shrug bag
Quantity: 1
x $198</msg>
<status status="PASS" starttime="20221121 23:29:36.140" endtime="20221121 23:29:36.141"/>
</kw>
<kw name="Get Product Price" library="ProductPage">
<var>${product_price}</var>
<arg>${price}</arg>
<kw name="Remove String Using Regexp" library="String">
<var>${product_price}</var>
<arg>${string_price}</arg>
<arg>^[^$]*</arg>
<doc>Removes ``patterns`` from the given ``string``.</doc>
<msg timestamp="20221121 23:29:36.142" level="INFO">${product_price} = $198</msg>
<status status="PASS" starttime="20221121 23:29:36.141" endtime="20221121 23:29:36.142"/>
</kw>
<kw name="Remove String" library="String">
<var>${product_price}</var>
<arg>${product_price}</arg>
<arg>$</arg>
<doc>Removes all ``removables`` from the given ``string``.</doc>
<msg timestamp="20221121 23:29:36.143" level="INFO">${product_price} = 198</msg>
<status status="PASS" starttime="20221121 23:29:36.142" endtime="20221121 23:29:36.143"/>
</kw>
<kw name="Convert To Number" library="BuiltIn">
<var>${product_price}</var>
<arg>${product_price}</arg>
<doc>Converts the given item to a floating point number.</doc>
<msg timestamp="20221121 23:29:36.144" level="INFO">${product_price} = 198.0</msg>
<status status="PASS" starttime="20221121 23:29:36.143" endtime="20221121 23:29:36.144"/>
</kw>
<msg timestamp="20221121 23:29:36.145" level="INFO">${product_price} = 198.0</msg>
<status status="PASS" starttime="20221121 23:29:36.141" endtime="20221121 23:29:36.145"/>
</kw>
<kw name="Log" library="BuiltIn">
<arg>${product_price}</arg>
<doc>Logs the given message with the given level.</doc>
<msg timestamp="20221121 23:29:36.145" level="INFO">198.0</msg>
<status status="PASS" starttime="20221121 23:29:36.145" endtime="20221121 23:29:36.146"/>
</kw>
<kw name="Evaluate" library="BuiltIn">
<var>${total_product_price}</var>
<arg>${total_product_price}+${product_price}</arg>
<doc>Evaluates the given expression in Python and returns the result.</doc>
<msg timestamp="20221121 23:29:36.146" level="INFO">${total_product_price} = 236.0</msg>
<status status="PASS" starttime="20221121 23:29:36.146" endtime="20221121 23:29:36.146"/>
</kw>
<status status="PASS" starttime="20221121 23:29:36.120" endtime="20221121 23:29:36.147"/>
</iter>
<status status="PASS" starttime="20221121 23:29:36.096" endtime="20221121 23:29:36.147"/>
</for>
<kw name="Log" library="BuiltIn">
<arg>${total_product_price}</arg>
<doc>Logs the given message with the given level.</doc>
<msg timestamp="20221121 23:29:36.147" level="INFO">236.0</msg>
<status status="PASS" starttime="20221121 23:29:36.147" endtime="20221121 23:29:36.147"/>
</kw>
<kw name="Get Element Attribute" library="AppiumLibrary">
<var>${shipping_fee}</var>
<arg>${text_shipping}</arg>
<arg>content-desc</arg>
<doc>Get element attribute using given attribute: name, value,...</doc>
<msg timestamp="20221121 23:29:36.166" level="INFO">Element 'xpath=//android.view.View[contains(@content-desc, "Shipping")]' attribute 'content-desc' value 'Shipping:
$14.00' </msg>
<msg timestamp="20221121 23:29:36.166" level="INFO">${shipping_fee} = Shipping:
$14.00</msg>
<status status="PASS" starttime="20221121 23:29:36.148" endtime="20221121 23:29:36.167"/>
</kw>
<kw name="Get Product Price" library="ProductPage">
<var>${shipping_fee}</var>
<arg>${shipping_fee}</arg>
<kw name="Remove String Using Regexp" library="String">
<var>${product_price}</var>
<arg>${string_price}</arg>
<arg>^[^$]*</arg>
<doc>Removes ``patterns`` from the given ``string``.</doc>
<msg timestamp="20221121 23:29:36.169" level="INFO">${product_price} = $14.00</msg>
<status status="PASS" starttime="20221121 23:29:36.168" endtime="20221121 23:29:36.169"/>
</kw>
<kw name="Remove String" library="String">
<var>${product_price}</var>
<arg>${product_price}</arg>
<arg>$</arg>
<doc>Removes all ``removables`` from the given ``string``.</doc>
<msg timestamp="20221121 23:29:36.170" level="INFO">${product_price} = 14.00</msg>
<status status="PASS" starttime="20221121 23:29:36.169" endtime="20221121 23:29:36.170"/>
</kw>
<kw name="Convert To Number" library="BuiltIn">
<var>${product_price}</var>
<arg>${product_price}</arg>
<doc>Converts the given item to a floating point number.</doc>
<msg timestamp="20221121 23:29:36.170" level="INFO">${product_price} = 14.0</msg>
<status status="PASS" starttime="20221121 23:29:36.170" endtime="20221121 23:29:36.170"/>
</kw>
<msg timestamp="20221121 23:29:36.171" level="INFO">${shipping_fee} = 14.0</msg>
<status status="PASS" starttime="20221121 23:29:36.167" endtime="20221121 23:29:36.171"/>
</kw>
<kw name="Get Element Attribute" library="AppiumLibrary">
<var>${tax_fee}</var>
<arg>${text_tax}</arg>
<arg>content-desc</arg>
<doc>Get element attribute using given attribute: name, value,...</doc>
<msg timestamp="20221121 23:29:36.191" level="INFO">Element 'xpath=//android.view.View[contains(@content-desc, "Tax")]' attribute 'content-desc' value 'Tax:
$14.16' </msg>
<msg timestamp="20221121 23:29:36.192" level="INFO">${tax_fee} = Tax:
$14.16</msg>
<status status="PASS" starttime="20221121 23:29:36.171" endtime="20221121 23:29:36.192"/>
</kw>
<kw name="Get Product Price" library="ProductPage">
<var>${tax_fee}</var>
<arg>${tax_fee}</arg>
<kw name="Remove String Using Regexp" library="String">
<var>${product_price}</var>
<arg>${string_price}</arg>
<arg>^[^$]*</arg>
<doc>Removes ``patterns`` from the given ``string``.</doc>
<msg timestamp="20221121 23:29:36.193" level="INFO">${product_price} = $14.16</msg>
<status status="PASS" starttime="20221121 23:29:36.192" endtime="20221121 23:29:36.193"/>
</kw>
<kw name="Remove String" library="String">
<var>${product_price}</var>
<arg>${product_price}</arg>
<arg>$</arg>
<doc>Removes all ``removables`` from the given ``string``.</doc>
<msg timestamp="20221121 23:29:36.193" level="INFO">${product_price} = 14.16</msg>
<status status="PASS" starttime="20221121 23:29:36.193" endtime="20221121 23:29:36.194"/>
</kw>
<kw name="Convert To Number" library="BuiltIn">
<var>${product_price}</var>
<arg>${product_price}</arg>
<doc>Converts the given item to a floating point number.</doc>
<msg timestamp="20221121 23:29:36.194" level="INFO">${product_price} = 14.16</msg>
<status status="PASS" starttime="20221121 23:29:36.194" endtime="20221121 23:29:36.194"/>
</kw>
<msg timestamp="20221121 23:29:36.195" level="INFO">${tax_fee} = 14.16</msg>
<status status="PASS" starttime="20221121 23:29:36.192" endtime="20221121 23:29:36.195"/>
</kw>
<kw name="Get Element Attribute" library="AppiumLibrary">
<var>${text_total_product_price}</var>
<arg>${text_subtotal}</arg>
<arg>content-desc</arg>
<doc>Get element attribute using given attribute: name, value,...</doc>
<msg timestamp="20221121 23:29:36.215" level="INFO">Element 'xpath=//android.view.View[contains(@content-desc, "Subtotal")]' attribute 'content-desc' value 'Subtotal:
$236.00' </msg>
<msg timestamp="20221121 23:29:36.215" level="INFO">${text_total_product_price} = Subtotal:
$236.00</msg>
<status status="PASS" starttime="20221121 23:29:36.195" endtime="20221121 23:29:36.215"/>
</kw>
<kw name="Get Product Price" library="ProductPage">
<var>${text_total_product_price}</var>
<arg>${text_total_product_price}</arg>
<kw name="Remove String Using Regexp" library="String">
<var>${product_price}</var>
<arg>${string_price}</arg>
<arg>^[^$]*</arg>
<doc>Removes ``patterns`` from the given ``string``.</doc>
<msg timestamp="20221121 23:29:36.216" level="INFO">${product_price} = $236.00</msg>
<status status="PASS" starttime="20221121 23:29:36.216" endtime="20221121 23:29:36.216"/>
</kw>
<kw name="Remove String" library="String">
<var>${product_price}</var>
<arg>${product_price}</arg>
<arg>$</arg>
<doc>Removes all ``removables`` from the given ``string``.</doc>
<msg timestamp="20221121 23:29:36.217" level="INFO">${product_price} = 236.00</msg>
<status status="PASS" starttime="20221121 23:29:36.216" endtime="20221121 23:29:36.217"/>
</kw>
<kw name="Convert To Number" library="BuiltIn">
<var>${product_price}</var>
<arg>${product_price}</arg>
<doc>Converts the given item to a floating point number.</doc>
<msg timestamp="20221121 23:29:36.218" level="INFO">${product_price} = 236.0</msg>
<status status="PASS" starttime="20221121 23:29:36.217" endtime="20221121 23:29:36.218"/>
</kw>
<msg timestamp="20221121 23:29:36.219" level="INFO">${text_total_product_price} = 236.0</msg>
<status status="PASS" starttime="20221121 23:29:36.215" endtime="20221121 23:29:36.219"/>
</kw>
<kw name="Should Be Equal" library="BuiltIn">
<arg>${text_total_product_price}</arg>
<arg>${total_product_price}</arg>
<doc>Fails if the given objects are unequal.</doc>
<status status="PASS" starttime="20221121 23:29:36.219" endtime="20221121 23:29:36.220"/>
</kw>
<kw name="Evaluate" library="BuiltIn">
<var>${total_price}</var>
<arg>${total_product_price}+${shipping_fee}+${tax_fee}</arg>
<doc>Evaluates the given expression in Python and returns the result.</doc>
<msg timestamp="20221121 23:29:36.221" level="INFO">${total_price} = 264.16</msg>
<status status="PASS" starttime="20221121 23:29:36.220" endtime="20221121 23:29:36.221"/>
</kw>
<kw name="Get Element Attribute" library="AppiumLibrary">
<var>${text_total_price}</var>
<arg>${text_total}</arg>
<arg>content-desc</arg>
<doc>Get element attribute using given attribute: name, value,...</doc>
<msg timestamp="20221121 23:29:36.283" level="INFO">Element 'xpath=//android.view.View[contains(@content-desc,"TOTAL")]' attribute 'content-desc' value 'TOTAL
$264.16' </msg>
<msg timestamp="20221121 23:29:36.283" level="INFO">${text_total_price} = TOTAL
$264.16</msg>
<status status="PASS" starttime="20221121 23:29:36.221" endtime="20221121 23:29:36.283"/>
</kw>
<kw name="Get Product Price" library="ProductPage">
<var>${text_total_price}</var>
<arg>${text_total_price}</arg>
<kw name="Remove String Using Regexp" library="String">
<var>${product_price}</var>
<arg>${string_price}</arg>
<arg>^[^$]*</arg>
<doc>Removes ``patterns`` from the given ``string``.</doc>
<msg timestamp="20221121 23:29:36.285" level="INFO">${product_price} = $264.16</msg>
<status status="PASS" starttime="20221121 23:29:36.284" endtime="20221121 23:29:36.285"/>
</kw>
<kw name="Remove String" library="String">
<var>${product_price}</var>
<arg>${product_price}</arg>
<arg>$</arg>
<doc>Removes all ``removables`` from the given ``string``.</doc>
<msg timestamp="20221121 23:29:36.285" level="INFO">${product_price} = 264.16</msg>
<status status="PASS" starttime="20221121 23:29:36.285" endtime="20221121 23:29:36.285"/>
</kw>
<kw name="Convert To Number" library="BuiltIn">
<var>${product_price}</var>
<arg>${product_price}</arg>
<doc>Converts the given item to a floating point number.</doc>
<msg timestamp="20221121 23:29:36.286" level="INFO">${product_price} = 264.16</msg>
<status status="PASS" starttime="20221121 23:29:36.285" endtime="20221121 23:29:36.286"/>
</kw>
<msg timestamp="20221121 23:29:36.286" level="INFO">${text_total_price} = 264.16</msg>
<status status="PASS" starttime="20221121 23:29:36.284" endtime="20221121 23:29:36.286"/>
</kw>
<kw name="Should Be Equal" library="BuiltIn">
<arg>${text_total_price}</arg>
<arg>${total_price}</arg>
<doc>Fails if the given objects are unequal.</doc>
<status status="PASS" starttime="20221121 23:29:36.286" endtime="20221121 23:29:36.287"/>
</kw>
<status status="PASS" starttime="20221121 23:29:34.875" endtime="20221121 23:29:36.287"/>
</kw>
<kw name="Clear Shopping Cart And Verify Cart Is Clear" library="ProductPage">
<kw name="Wait Until Element Is Visible" library="AppiumLibrary">
<arg>${button_clear_cart}</arg>
<doc>Waits until element specified with `locator` is visible.</doc>
<status status="PASS" starttime="20221121 23:29:36.287" endtime="20221121 23:29:36.317"/>
</kw>
<kw name="Click Element" library="AppiumLibrary">
<arg>${button_clear_cart}</arg>
<doc>Click element identified by `locator`.</doc>
<msg timestamp="20221121 23:29:36.321" level="INFO">Clicking element 'accessibility_id=CLEAR CART'.</msg>
<status status="PASS" starttime="20221121 23:29:36.317" endtime="20221121 23:29:37.383"/>
</kw>
<kw name="Verify Cart Is Empty" library="ProductPage">
<kw name="User Can Open Shopping Cart" library="ProductPage">
<kw name="Wait Until Element Is Visible" library="AppiumLibrary">
<arg>${button_shopping_cart}</arg>
<doc>Waits until element specified with `locator` is visible.</doc>
<status status="PASS" starttime="20221121 23:29:37.384" endtime="20221121 23:29:37.435"/>
</kw>
<kw name="Click Element" library="AppiumLibrary">
<arg>${button_shopping_cart}</arg>
<doc>Click element identified by `locator`.</doc>
<msg timestamp="20221121 23:29:37.444" level="INFO">Clicking element 'xpath=//android.widget.Button[contains(@content-desc, "Shopping cart")]'.</msg>
<status status="PASS" starttime="20221121 23:29:37.436" endtime="20221121 23:29:37.508"/>
</kw>
<status status="PASS" starttime="20221121 23:29:37.384" endtime="20221121 23:29:37.508"/>
</kw>
<kw name="Convert To Number" library="BuiltIn">
<var>${expected_value}</var>
<arg>0.0</arg>
<doc>Converts the given item to a floating point number.</doc>
<msg timestamp="20221121 23:29:37.509" level="INFO">${expected_value} = 0.0</msg>
<status status="PASS" starttime="20221121 23:29:37.508" endtime="20221121 23:29:37.509"/>
</kw>
<kw name="Wait Until Element Is Visible" library="AppiumLibrary">
<arg>${text_total}</arg>
<doc>Waits until element specified with `locator` is visible.</doc>
<status status="PASS" starttime="20221121 23:29:37.509" endtime="20221121 23:29:38.565"/>
</kw>
<kw name="Get Element Attribute" library="AppiumLibrary">
<var>${total}</var>
<arg>${text_total}</arg>
<arg>content-desc</arg>
<doc>Get element attribute using given attribute: name, value,...</doc>
<msg timestamp="20221121 23:29:38.612" level="INFO">Element 'xpath=//android.view.View[contains(@content-desc,"TOTAL")]' attribute 'content-desc' value 'TOTAL
$0.00' </msg>
<msg timestamp="20221121 23:29:38.612" level="INFO">${total} = TOTAL
$0.00</msg>
<status status="PASS" starttime="20221121 23:29:38.566" endtime="20221121 23:29:38.612"/>
</kw>
<kw name="Get Product Price" library="ProductPage">
<var>${total}</var>
<arg>${total}</arg>
<kw name="Remove String Using Regexp" library="String">
<var>${product_price}</var>
<arg>${string_price}</arg>
<arg>^[^$]*</arg>
<doc>Removes ``patterns`` from the given ``string``.</doc>
<msg timestamp="20221121 23:29:38.615" level="INFO">${product_price} = $0.00</msg>
<status status="PASS" starttime="20221121 23:29:38.614" endtime="20221121 23:29:38.615"/>
</kw>
<kw name="Remove String" library="String">
<var>${product_price}</var>
<arg>${product_price}</arg>
<arg>$</arg>
<doc>Removes all ``removables`` from the given ``string``.</doc>
<msg timestamp="20221121 23:29:38.615" level="INFO">${product_price} = 0.00</msg>
<status status="PASS" starttime="20221121 23:29:38.615" endtime="20221121 23:29:38.615"/>
</kw>
<kw name="Convert To Number" library="BuiltIn">
<var>${product_price}</var>
<arg>${product_price}</arg>
<doc>Converts the given item to a floating point number.</doc>
<msg timestamp="20221121 23:29:38.616" level="INFO">${product_price} = 0.0</msg>
<status status="PASS" starttime="20221121 23:29:38.616" endtime="20221121 23:29:38.617"/>
</kw>
<msg timestamp="20221121 23:29:38.617" level="INFO">${total} = 0.0</msg>
<status status="PASS" starttime="20221121 23:29:38.613" endtime="20221121 23:29:38.617"/>
</kw>
<kw name="Should Be Equal" library="BuiltIn">
<arg>${total}</arg>
<arg>${expected_value}</arg>
<doc>Fails if the given objects are unequal.</doc>
<status status="PASS" starttime="20221121 23:29:38.617" endtime="20221121 23:29:38.618"/>
</kw>
<status status="PASS" starttime="20221121 23:29:37.383" endtime="20221121 23:29:38.618"/>
</kw>
<status status="PASS" starttime="20221121 23:29:36.287" endtime="20221121 23:29:38.619"/>
</kw>
<kw name="Close Application" library="AppiumLibrary" type="TEARDOWN">
<doc>Closes the current application and also close webdriver session.</doc>
<status status="PASS" starttime="20221121 23:29:38.619" endtime="20221121 23:29:38.970"/>
</kw>
<doc>Test case for verify user can add some item to the shopping cart</doc>
<timeout value="4 minutes"/>
<status status="PASS" starttime="20221121 23:28:31.280" endtime="20221121 23:29:38.970"/>
</test>
<status status="PASS" starttime="20221121 23:28:31.192" endtime="20221121 23:29:38.971"/>
</suite>
<statistics>
<total>
<stat pass="1" fail="0" skip="0">All Tests</stat>
</total>
<tag>
</tag>
<suite>
<stat pass="1" fail="0" skip="0" id="s1" name="AddToCart">AddToCart</stat>
</suite>
</statistics>
<errors>
</errors>
</robot>
