<?xml version="1.0" encoding="UTF-8"?>
<robot generator="Robot 4.0.3 (Python 3.8.12 on darwin)" generated="20221121 11:43:25.750" rpa="false" schemaversion="2">
<suite id="s1" name="AddToCart" source="/Users/ruangguru/regisaputra/fita/fita-fluter-gallery/testCase/AddToCart.robot">
<test id="s1-t1" name="User Can Add Some Items To The Shopping Cart">
<kw name="User Has Opened Flutter Gallery Application" library="base">
<doc>Keyword for open flutter gallery application</doc>
<kw name="Open Application" library="AppiumLibrary">
<arg>${HOST}</arg>
<arg>platformName=${PLATFORM_NAME}</arg>
<arg>deviceName=${DEVICE_NAME}</arg>
<arg>appPackage=${APP_PACKAGE}</arg>
<arg>appActivity=${APP_ACTIVITY}</arg>
<arg>udid=${UDID}</arg>
<arg>app=${APP}</arg>
<doc>Opens a new application to given Appium server.
Capabilities of appium server, Android and iOS,
Please check https://github.com/appium/appium/blob/master/docs/en/writing-running-appium/server-args.md
| *Option*            | *Man.* | *Description*     |
| remote_url          | Yes    | Appium server url |
| alias               | no     | alias             |</doc>
<status status="PASS" starttime="20221121 11:43:25.835" endtime="20221121 11:43:39.705"/>
</kw>
<status status="PASS" starttime="20221121 11:43:25.835" endtime="20221121 11:43:39.705"/>
</kw>
<kw name="Close Application" library="AppiumLibrary" type="TEARDOWN">
<doc>Closes the current application and also close webdriver session.</doc>
<status status="PASS" starttime="20221121 11:43:39.706" endtime="20221121 11:43:40.360"/>
</kw>
<doc>Test case for verify user can add some item to the shopping cart</doc>
<timeout value="4 minutes"/>
<status status="PASS" starttime="20221121 11:43:25.834" endtime="20221121 11:43:40.360"/>
</test>
<status status="PASS" starttime="20221121 11:43:25.751" endtime="20221121 11:43:40.362"/>
</suite>
<statistics>
<total>
<stat pass="1" fail="0" skip="0">All Tests</stat>
</total>
<tag>
</tag>
<suite>
<stat pass="1" fail="0" skip="0" id="s1" name="AddToCart">AddToCart</stat>
</suite>
</statistics>
<errors>
</errors>
</robot>
